Train hybrid.
----------epoch 0-----------
batched average loss:  -19.22268 minimum candidate loss:  -20.664988
probability converged
strcuture parameter: 
 [[0.4000088  1.5999912 ]
 [0.400033   1.599967  ]
 [0.40001386 1.5999861 ]
 [1.5999763  0.40002364]
 [1.599934   0.40006602]
 [0.4000275  1.5999725 ]]
tf.Tensor([1 1 1 0 0 1], shape=(6,), dtype=int64)
current recommendation loss:  tf.Tensor(-50.20822, shape=(), dtype=float32)
----------epoch 50-----------
batched average loss:  -78.60222 minimum candidate loss:  -78.60221
probability converged
strcuture parameter: 
 [[-7.365112   5.290934 ]
 [-7.3650556  5.0822124]
 [-7.3631225  5.1663814]
 [ 5.0752068 -7.0622296]
 [ 5.0440264 -7.147224 ]
 [-7.0968676  5.058759 ]]
tf.Tensor([1 1 1 0 0 1], shape=(6,), dtype=int64)
current recommendation loss:  tf.Tensor(-78.62154, shape=(), dtype=float32)
----------epoch 100-----------
batched average loss:  -78.70744 minimum candidate loss:  -78.70744
probability converged
strcuture parameter: 
 [[-7.5697985  5.315796 ]
 [-7.5723114  5.105818 ]
 [-7.5695295  5.190491 ]
 [ 5.098695  -7.2578607]
 [ 5.0673494 -7.346321 ]
 [-7.295168   5.0821557]]
tf.Tensor([1 1 1 0 0 1], shape=(6,), dtype=int64)
current recommendation loss:  tf.Tensor(-78.70761, shape=(), dtype=float32)
----------epoch 150-----------
batched average loss:  -78.70825 minimum candidate loss:  -78.70825
probability converged
strcuture parameter: 
 [[-7.5719705  5.315951 ]
 [-7.574516   5.105966 ]
 [-7.571919   5.190642 ]
 [ 5.098842  -7.2599363]
 [ 5.067495  -7.3484335]
 [-7.297276   5.082302 ]]
tf.Tensor([1 1 1 0 0 1], shape=(6,), dtype=int64)
current recommendation loss:  tf.Tensor(-78.70814, shape=(), dtype=float32)
----------epoch 200-----------
batched average loss:  -78.70819 minimum candidate loss:  -78.7082
probability converged
strcuture parameter: 
 [[-7.5720253  5.315951 ]
 [-7.57497    5.105966 ]
 [-7.5719776  5.190642 ]
 [ 5.098842  -7.2599893]
 [ 5.067495  -7.348488 ]
 [-7.2973304  5.082302 ]]
tf.Tensor([1 1 1 0 0 1], shape=(6,), dtype=int64)
current recommendation loss:  tf.Tensor(-78.70818, shape=(), dtype=float32)
----------epoch 250-----------
batched average loss:  -78.706795 minimum candidate loss:  -78.706795
probability converged
strcuture parameter: 
 [[-7.5719333  5.315951 ]
 [-7.575082   5.105966 ]
 [-7.571885   5.190642 ]
 [ 5.098842  -7.2599006]
 [ 5.067495  -7.3483987]
 [-7.297424   5.082302 ]]
tf.Tensor([1 1 1 0 0 1], shape=(6,), dtype=int64)
current recommendation loss:  tf.Tensor(-78.70626, shape=(), dtype=float32)
----------epoch 300-----------
batched average loss:  -78.708115 minimum candidate loss:  -78.70811
probability converged
strcuture parameter: 
 [[-7.5718813  5.315951 ]
 [-7.5750294  5.105966 ]
 [-7.571831   5.190642 ]
 [ 5.098842  -7.259849 ]
 [ 5.067495  -7.3483467]
 [-7.297551   5.082302 ]]
tf.Tensor([1 1 1 0 0 1], shape=(6,), dtype=int64)
current recommendation loss:  tf.Tensor(-78.70802, shape=(), dtype=float32)
----------epoch 350-----------
batched average loss:  -78.70818 minimum candidate loss:  -78.708176
probability converged
strcuture parameter: 
 [[-7.571975   5.315951 ]
 [-7.5751257  5.105966 ]
 [-7.5720696  5.190642 ]
 [ 5.098842  -7.2599387]
 [ 5.067495  -7.348438 ]
 [-7.297806   5.082302 ]]
tf.Tensor([1 1 1 0 0 1], shape=(6,), dtype=int64)
current recommendation loss:  tf.Tensor(-78.7082, shape=(), dtype=float32)
----------epoch 400-----------
batched average loss:  -78.70819 minimum candidate loss:  -78.70819
probability converged
strcuture parameter: 
 [[-7.571931   5.315951 ]
 [-7.5750823  5.105966 ]
 [-7.5720296  5.190642 ]
 [ 5.098842  -7.2598977]
 [ 5.067495  -7.3483963]
 [-7.2977715  5.082302 ]]
tf.Tensor([1 1 1 0 0 1], shape=(6,), dtype=int64)
current recommendation loss:  tf.Tensor(-78.70804, shape=(), dtype=float32)
----------epoch 450-----------
batched average loss:  -78.70802 minimum candidate loss:  -78.70803
probability converged
strcuture parameter: 
 [[-7.571948   5.315951 ]
 [-7.575101   5.105966 ]
 [-7.5720487  5.190642 ]
 [ 5.098842  -7.259915 ]
 [ 5.067495  -7.348414 ]
 [-7.297789   5.082302 ]]
tf.Tensor([1 1 1 0 0 1], shape=(6,), dtype=int64)
current recommendation loss:  tf.Tensor(-78.70817, shape=(), dtype=float32)
----------epoch 500-----------
batched average loss:  -78.708145 minimum candidate loss:  -78.70815
probability converged
strcuture parameter: 
 [[-7.5720134  5.315951 ]
 [-7.5751686  5.105966 ]
 [-7.5721164  5.190642 ]
 [ 5.098842  -7.259977 ]
 [ 5.067495  -7.348478 ]
 [-7.297851   5.082302 ]]
tf.Tensor([1 1 1 0 0 1], shape=(6,), dtype=int64)
current recommendation loss:  tf.Tensor(-78.708115, shape=(), dtype=float32)
----------epoch 550-----------
batched average loss:  -78.70812 minimum candidate loss:  -78.70812
probability converged
strcuture parameter: 
 [[-7.572048   5.315951 ]
 [-7.575205   5.105966 ]
 [-7.5722547  5.190642 ]
 [ 5.098842  -7.2600102]
 [ 5.067495  -7.3485117]
 [-7.297885   5.082302 ]]
tf.Tensor([1 1 1 0 0 1], shape=(6,), dtype=int64)
current recommendation loss:  tf.Tensor(-78.70821, shape=(), dtype=float32)
----------epoch 600-----------
batched average loss:  -78.70819 minimum candidate loss:  -78.70819
probability converged
strcuture parameter: 
 [[-7.5720153  5.315951 ]
 [-7.5751705  5.105966 ]
 [-7.5722227  5.190642 ]
 [ 5.098842  -7.259978 ]
 [ 5.067495  -7.348479 ]
 [-7.297852   5.082302 ]]
tf.Tensor([1 1 1 0 0 1], shape=(6,), dtype=int64)
current recommendation loss:  tf.Tensor(-78.7083, shape=(), dtype=float32)
----------epoch 650-----------
batched average loss:  -78.70814 minimum candidate loss:  -78.708145
probability converged
strcuture parameter: 
 [[-7.571982   5.315951 ]
 [-7.5751367  5.105966 ]
 [-7.57219    5.190642 ]
 [ 5.098842  -7.259946 ]
 [ 5.067495  -7.3484473]
 [-7.2978206  5.082302 ]]
tf.Tensor([1 1 1 0 0 1], shape=(6,), dtype=int64)
current recommendation loss:  tf.Tensor(-78.70816, shape=(), dtype=float32)
----------epoch 700-----------
batched average loss:  -78.7083 minimum candidate loss:  -78.70829
probability converged
strcuture parameter: 
 [[-7.5719223  5.315951 ]
 [-7.5750775  5.105966 ]
 [-7.5721297  5.190642 ]
 [ 5.098842  -7.259888 ]
 [ 5.067495  -7.3483896]
 [-7.2978535  5.082302 ]]
tf.Tensor([1 1 1 0 0 1], shape=(6,), dtype=int64)
current recommendation loss:  tf.Tensor(-78.70823, shape=(), dtype=float32)
----------epoch 750-----------
batched average loss:  -78.708176 minimum candidate loss:  -78.70817
probability converged
strcuture parameter: 
 [[-7.5718646  5.315951 ]
 [-7.575019   5.105966 ]
 [-7.5720716  5.190642 ]
 [ 5.098842  -7.259833 ]
 [ 5.067495  -7.3483343]
 [-7.297871   5.082302 ]]
tf.Tensor([1 1 1 0 0 1], shape=(6,), dtype=int64)
current recommendation loss:  tf.Tensor(-78.708275, shape=(), dtype=float32)
----------epoch 800-----------
batched average loss:  -78.70826 minimum candidate loss:  -78.70826
probability converged
strcuture parameter: 
 [[-7.5718584  5.315951 ]
 [-7.575014   5.105966 ]
 [-7.572067   5.190642 ]
 [ 5.098842  -7.259826 ]
 [ 5.067495  -7.348327 ]
 [-7.297878   5.082302 ]]
tf.Tensor([1 1 1 0 0 1], shape=(6,), dtype=int64)
current recommendation loss:  tf.Tensor(-78.70816, shape=(), dtype=float32)
----------epoch 850-----------
batched average loss:  -78.708206 minimum candidate loss:  -78.70821
probability converged
strcuture parameter: 
 [[-7.571839   5.315951 ]
 [-7.5749936  5.105966 ]
 [-7.572106   5.190642 ]
 [ 5.098842  -7.2598085]
 [ 5.067495  -7.3483095]
 [-7.2978597  5.082302 ]]
tf.Tensor([1 1 1 0 0 1], shape=(6,), dtype=int64)
current recommendation loss:  tf.Tensor(-78.70823, shape=(), dtype=float32)
----------epoch 900-----------
batched average loss:  -78.70832 minimum candidate loss:  -78.70832
probability converged
strcuture parameter: 
 [[-7.5718327  5.315951 ]
 [-7.574986   5.105966 ]
 [-7.5720997  5.190642 ]
 [ 5.098842  -7.2598023]
 [ 5.067495  -7.348303 ]
 [-7.2978535  5.082302 ]]
tf.Tensor([1 1 1 0 0 1], shape=(6,), dtype=int64)
current recommendation loss:  tf.Tensor(-78.70824, shape=(), dtype=float32)
----------epoch 950-----------
batched average loss:  -78.708275 minimum candidate loss:  -78.70828
probability converged
strcuture parameter: 
 [[-7.5719743  5.315951 ]
 [-7.5750127  5.105966 ]
 [-7.572083   5.190642 ]
 [ 5.098842  -7.2597866]
 [ 5.067495  -7.348286 ]
 [-7.297837   5.082302 ]]
tf.Tensor([1 1 1 0 0 1], shape=(6,), dtype=int64)
current recommendation loss:  tf.Tensor(-78.70826, shape=(), dtype=float32)
----------epoch 1000-----------
batched average loss:  -78.70819 minimum candidate loss:  -78.708206
probability converged
strcuture parameter: 
 [[-7.571987   5.315951 ]
 [-7.575136   5.105966 ]
 [-7.5721726  5.190642 ]
 [ 5.098842  -7.2597933]
 [ 5.067495  -7.3482924]
 [-7.297843   5.082302 ]]
tf.Tensor([1 1 1 0 0 1], shape=(6,), dtype=int64)
current recommendation loss:  tf.Tensor(-78.708305, shape=(), dtype=float32)
----------epoch 1050-----------
batched average loss:  -78.70813 minimum candidate loss:  -78.70813
probability converged
strcuture parameter: 
 [[-7.5719924  5.315951 ]
 [-7.5751414  5.105966 ]
 [-7.572187   5.190642 ]
 [ 5.098842  -7.259797 ]
 [ 5.067495  -7.3482966]
 [-7.2978473  5.082302 ]]
tf.Tensor([1 1 1 0 0 1], shape=(6,), dtype=int64)
current recommendation loss:  tf.Tensor(-78.70822, shape=(), dtype=float32)
----------epoch 1100-----------
batched average loss:  -78.708244 minimum candidate loss:  -78.708244
probability converged
strcuture parameter: 
 [[-7.5719914  5.315951 ]
 [-7.5751395  5.105966 ]
 [-7.572185   5.190642 ]
 [ 5.098842  -7.2597966]
 [ 5.067495  -7.348295 ]
 [-7.2978463  5.082302 ]]
tf.Tensor([1 1 1 0 0 1], shape=(6,), dtype=int64)
current recommendation loss:  tf.Tensor(-78.70816, shape=(), dtype=float32)
----------epoch 1150-----------
batched average loss:  -78.70813 minimum candidate loss:  -78.70813
probability converged
strcuture parameter: 
 [[-7.571993   5.315951 ]
 [-7.575141   5.105966 ]
 [-7.5722203  5.190642 ]
 [ 5.098842  -7.2597976]
 [ 5.067495  -7.3482957]
 [-7.2978473  5.082302 ]]
tf.Tensor([1 1 1 0 0 1], shape=(6,), dtype=int64)
current recommendation loss:  tf.Tensor(-78.708275, shape=(), dtype=float32)
----------epoch 1200-----------
batched average loss:  -78.70831 minimum candidate loss:  -78.70831
probability converged
strcuture parameter: 
 [[-7.5719976  5.315951 ]
 [-7.5751452  5.105966 ]
 [-7.5722256  5.190642 ]
 [ 5.098842  -7.259802 ]
 [ 5.067495  -7.3483   ]
 [-7.2978516  5.082302 ]]
tf.Tensor([1 1 1 0 0 1], shape=(6,), dtype=int64)
current recommendation loss:  tf.Tensor(-78.7082, shape=(), dtype=float32)
----------epoch 1250-----------
batched average loss:  -78.70833 minimum candidate loss:  -78.708336
probability converged
strcuture parameter: 
 [[-7.571996   5.315951 ]
 [-7.575143   5.105966 ]
 [-7.572223   5.190642 ]
 [ 5.098842  -7.259802 ]
 [ 5.067495  -7.348298 ]
 [-7.2978497  5.082302 ]]
tf.Tensor([1 1 1 0 0 1], shape=(6,), dtype=int64)
current recommendation loss:  tf.Tensor(-78.708206, shape=(), dtype=float32)
----------epoch 1300-----------
batched average loss:  -78.70825 minimum candidate loss:  -78.70825
probability converged
strcuture parameter: 
 [[-7.572029   5.315951 ]
 [-7.5751367  5.105966 ]
 [-7.572217   5.190642 ]
 [ 5.098842  -7.259794 ]
 [ 5.067495  -7.3482914]
 [-7.297843   5.082302 ]]
tf.Tensor([1 1 1 0 0 1], shape=(6,), dtype=int64)
current recommendation loss:  tf.Tensor(-78.708145, shape=(), dtype=float32)
----------epoch 1350-----------
batched average loss:  -78.70815 minimum candidate loss:  -78.70816
probability converged
strcuture parameter: 
 [[-7.572077   5.315951 ]
 [-7.575219   5.105966 ]
 [-7.5722075  5.190642 ]
 [ 5.098842  -7.259785 ]
 [ 5.067495  -7.348283 ]
 [-7.2978616  5.082302 ]]
tf.Tensor([1 1 1 0 0 1], shape=(6,), dtype=int64)
current recommendation loss:  tf.Tensor(-78.70823, shape=(), dtype=float32)
----------epoch 1400-----------
batched average loss:  -78.708115 minimum candidate loss:  -78.70811
probability converged
strcuture parameter: 
 [[-7.5720763  5.315951 ]
 [-7.5752215  5.105966 ]
 [-7.57223    5.190642 ]
 [ 5.098842  -7.2597847]
 [ 5.067495  -7.348282 ]
 [-7.2978625  5.082302 ]]
tf.Tensor([1 1 1 0 0 1], shape=(6,), dtype=int64)
current recommendation loss:  tf.Tensor(-78.70827, shape=(), dtype=float32)
----------epoch 1450-----------
batched average loss:  -78.70815 minimum candidate loss:  -78.70816
probability converged
strcuture parameter: 
 [[-7.5720673  5.315951 ]
 [-7.5752125  5.105966 ]
 [-7.5722218  5.190642 ]
 [ 5.098842  -7.2597775]
 [ 5.067495  -7.3482733]
 [-7.297854   5.082302 ]]
tf.Tensor([1 1 1 0 0 1], shape=(6,), dtype=int64)
current recommendation loss:  tf.Tensor(-78.70821, shape=(), dtype=float32)
----------epoch 1500-----------
batched average loss:  -78.70819 minimum candidate loss:  -78.7082
probability converged
strcuture parameter: 
 [[-7.572061   5.315951 ]
 [-7.575276   5.105966 ]
 [-7.5722356  5.190642 ]
 [ 5.098842  -7.2597704]
 [ 5.067495  -7.348267 ]
 [-7.2978473  5.082302 ]]
tf.Tensor([1 1 1 0 0 1], shape=(6,), dtype=int64)
current recommendation loss:  tf.Tensor(-78.70817, shape=(), dtype=float32)
----------epoch 1550-----------
batched average loss:  -78.70813 minimum candidate loss:  -78.70813
probability converged
strcuture parameter: 
 [[-7.5720615  5.315951 ]
 [-7.575282   5.105966 ]
 [-7.5722365  5.190642 ]
 [ 5.098842  -7.259771 ]
 [ 5.067495  -7.348268 ]
 [-7.29787    5.082302 ]]
tf.Tensor([1 1 1 0 0 1], shape=(6,), dtype=int64)
current recommendation loss:  tf.Tensor(-78.708176, shape=(), dtype=float32)
----------epoch 1600-----------
batched average loss:  -78.708206 minimum candidate loss:  -78.70821
probability converged
strcuture parameter: 
 [[-7.5720596  5.315951 ]
 [-7.57531    5.105966 ]
 [-7.5722346  5.190642 ]
 [ 5.098842  -7.259769 ]
 [ 5.067495  -7.3482666]
 [-7.2978706  5.082302 ]]
tf.Tensor([1 1 1 0 0 1], shape=(6,), dtype=int64)
current recommendation loss:  tf.Tensor(-78.70818, shape=(), dtype=float32)
----------epoch 1650-----------
batched average loss:  -78.708145 minimum candidate loss:  -78.70815
probability converged
strcuture parameter: 
 [[-7.572057   5.315951 ]
 [-7.575398   5.105966 ]
 [-7.5722313  5.190642 ]
 [ 5.098842  -7.2597656]
 [ 5.067495  -7.3482637]
 [-7.2978673  5.082302 ]]
tf.Tensor([1 1 1 0 0 1], shape=(6,), dtype=int64)
current recommendation loss:  tf.Tensor(-78.70819, shape=(), dtype=float32)
----------epoch 1700-----------
batched average loss:  -78.70818 minimum candidate loss:  -78.70818
probability converged
strcuture parameter: 
 [[-7.5720577  5.315951 ]
 [-7.5754337  5.105966 ]
 [-7.5722322  5.190642 ]
 [ 5.098842  -7.259767 ]
 [ 5.067495  -7.348265 ]
 [-7.2978687  5.082302 ]]
tf.Tensor([1 1 1 0 0 1], shape=(6,), dtype=int64)
current recommendation loss:  tf.Tensor(-78.70809, shape=(), dtype=float32)
----------epoch 1750-----------
batched average loss:  -78.708244 minimum candidate loss:  -78.70824
probability converged
strcuture parameter: 
 [[-7.5720677  5.315951 ]
 [-7.575463   5.105966 ]
 [-7.572262   5.190642 ]
 [ 5.098842  -7.2597766]
 [ 5.067495  -7.348275 ]
 [-7.2978783  5.082302 ]]
tf.Tensor([1 1 1 0 0 1], shape=(6,), dtype=int64)
current recommendation loss:  tf.Tensor(-78.708275, shape=(), dtype=float32)
----------epoch 1800-----------
batched average loss:  -78.70831 minimum candidate loss:  -78.7083
probability converged
strcuture parameter: 
 [[-7.5720687  5.315951 ]
 [-7.5754642  5.105966 ]
 [-7.5722733  5.190642 ]
 [ 5.098842  -7.2597775]
 [ 5.067495  -7.348276 ]
 [-7.297879   5.082302 ]]
tf.Tensor([1 1 1 0 0 1], shape=(6,), dtype=int64)
current recommendation loss:  tf.Tensor(-78.7082, shape=(), dtype=float32)
----------epoch 1850-----------
batched average loss:  -78.70831 minimum candidate loss:  -78.708305
probability converged
strcuture parameter: 
 [[-7.5720634  5.315951 ]
 [-7.575459   5.105966 ]
 [-7.572282   5.190642 ]
 [ 5.098842  -7.259773 ]
 [ 5.067495  -7.3482714]
 [-7.297888   5.082302 ]]
tf.Tensor([1 1 1 0 0 1], shape=(6,), dtype=int64)
current recommendation loss:  tf.Tensor(-78.70825, shape=(), dtype=float32)
----------epoch 1900-----------
batched average loss:  -78.70826 minimum candidate loss:  -78.70826
probability converged
strcuture parameter: 
 [[-7.5720844  5.315951 ]
 [-7.5754514  5.105966 ]
 [-7.572279   5.190642 ]
 [ 5.098842  -7.259765 ]
 [ 5.067495  -7.348264 ]
 [-7.2978806  5.082302 ]]
tf.Tensor([1 1 1 0 0 1], shape=(6,), dtype=int64)
current recommendation loss:  tf.Tensor(-78.70817, shape=(), dtype=float32)
----------epoch 1950-----------
batched average loss:  -78.70831 minimum candidate loss:  -78.7083
probability converged
strcuture parameter: 
 [[-7.5720897  5.315951 ]
 [-7.5754476  5.105966 ]
 [-7.572275   5.190642 ]
 [ 5.098842  -7.259762 ]
 [ 5.067495  -7.3482604]
 [-7.297888   5.082302 ]]
tf.Tensor([1 1 1 0 0 1], shape=(6,), dtype=int64)
current recommendation loss:  tf.Tensor(-78.70834, shape=(), dtype=float32)
----------epoch 1999-----------
batched average loss:  -78.70824 minimum candidate loss:  -78.70823
probability converged
strcuture parameter: 
 [[-7.5720897  5.315951 ]
 [-7.5754476  5.105966 ]
 [-7.572275   5.190642 ]
 [ 5.098842  -7.2597613]
 [ 5.067495  -7.3482604]
 [-7.29789    5.082302 ]]
tf.Tensor([1 1 1 0 0 1], shape=(6,), dtype=int64)
current recommendation loss:  tf.Tensor(-78.70827, shape=(), dtype=float32)
Energy: tf.Tensor(-78.70827, shape=(), dtype=float32)
Ref energy: -74.38714627
Error rate: tf.Tensor(0.05948674, shape=(), dtype=float32)
        ┌────────────┐   ┌─────────────┐   ┌───────────┐ ┌─────────────┐»
 q_0: ──┤ Rx(-3.849) ├───┤ Ry(-3.1646) ├───┤ Rz(1.297) ├─┤ Rx(-3.3897) ├»
       ┌┴────────────┤   ├─────────────┤   ├───────────┴┐└─────────────┘»
 q_1: ─┤ Rx(-2.9351) ├───┤ Ry(-3.0009) ├───┤ Rz(2.2634) ├───────■───────»
       ├─────────────┤   ├─────────────┤  ┌┴────────────┤       │       »
 q_2: ─┤ Rx(-3.1415) ├───┤ Ry(-6.2832) ├──┤ Rz(-2.5294) ├───────■───────»
       ├─────────────┤   └┬────────────┤  └┬────────────┤               »
 q_3: ─┤ Rx(-3.1281) ├────┤ Ry(3.1062) ├───┤ Rz(-2.847) ├───────■───────»
       └┬────────────┤   ┌┴────────────┤  ┌┴────────────┤       │       »
 q_4: ──┤ Rx(1.6326) ├───┤ Ry(0.70544) ├──┤ Rz(-4.7402) ├───────■───────»
       ┌┴────────────┤   └┬────────────┤  └┬────────────┤               »
 q_5: ─┤ Rx(-1.5819) ├────┤ Ry(4.1713) ├───┤ Rz(1.5791) ├───────■───────»
       ├─────────────┤    ├────────────┤  ┌┴────────────┤       │       »
 q_6: ─┤ Rx(-3.1416) ├────┤ Ry(3.1416) ├──┤ Rz(-2.4997) ├───────■───────»
       ├─────────────┴┐   ├────────────┤  ├─────────────┤               »
 q_7: ─┤ Rx(-0.75062) ├───┤ Ry(1.8283) ├──┤ Rz(-2.1598) ├───────■───────»
       ├─────────────┬┘  ┌┴────────────┤  └┬────────────┤       │       »
 q_8: ─┤ Rx(-2.3238) ├───┤ Ry(-4.3376) ├───┤ Rz(5.4536) ├───────■───────»
       └┬───────────┬┘   └┬────────────┤   ├────────────┤               »
 q_9: ──┤ Rx(2.836) ├─────┤ Ry(1.1357) ├───┤ Rz(3.0815) ├───────■───────»
      ┌─┴───────────┴──┐┌─┴────────────┴─┐┌┴────────────┤       │       »
q_10: ┤ Rx(3.9104e-06) ├┤ Ry(-8.545e-06) ├┤ Rz(0.46211) ├───────■───────»
      └┬─────────────┬─┘└┬─────────────┬─┘├─────────────┤ ┌────────────┐»
q_11: ─┤ Rx(-0.1123) ├───┤ Ry(-1.7729) ├──┤ Rz(-2.5071) ├─┤ Rx(-1.182) ├»
       └─────────────┘   └─────────────┘  └─────────────┘ └────────────┘»
«       ┌─────────────┐  ┌─────────────┐                   ┌─────────────┐ »
« q_0: ─┤ Ry(-2.4716) ├──┤ Rz(-4.2977) ├─────────────────■─┤ Rx(-3.4204) ├─»
«       ├─────────────┤  ├─────────────┤  ┌────────────┐ │ ├─────────────┤ »
« q_1: ─┤ Rx(-3.1178) ├──┤ Ry(0.95599) ├──┤ Rz(5.8328) ├─■─┤ Rx(-3.4927) ├─»
«      ┌┴─────────────┴─┐├─────────────┤  ├────────────┤   ├─────────────┤ »
« q_2: ┤ Rx(6.4645e-05) ├┤ Ry(-3.1416) ├──┤ Rz(3.2561) ├─■─┤ Rx(-3.1414) ├─»
«      └┬─────────────┬─┘└┬────────────┤  └┬──────────┬┘ │ ├─────────────┤ »
« q_3: ─┤ Rx(-2.8842) ├───┤ Ry(3.3651) ├───┤ Rz(-3.6) ├──■─┤ Rx(-3.6478) ├─»
«       ├─────────────┤   ├────────────┤ ┌─┴──────────┴┐   └┬────────────┤ »
« q_4: ─┤ Rx(0.82935) ├───┤ Ry(1.4851) ├─┤ Rz(-2.5937) ├─■──┤ Rx(3.2044) ├─»
«       ├─────────────┤   ├────────────┤ └┬────────────┤ │  ├────────────┤ »
« q_5: ─┤ Rx(-2.9436) ├───┤ Ry(1.5767) ├──┤ Rz(2.7688) ├─■──┤ Rx(-3.146) ├─»
«       └┬────────────┤  ┌┴────────────┤ ┌┴────────────┤    ├────────────┤ »
« q_6: ──┤ Rx(3.1416) ├──┤ Ry(-3.1416) ├─┤ Rz(-4.2681) ├─■──┤ Rx(2.4344) ├─»
«       ┌┴────────────┤  └┬────────────┤ ├─────────────┤ │ ┌┴────────────┤ »
« q_7: ─┤ Rx(-1.1906) ├───┤ Ry(1.6925) ├─┤ Rz(-2.7541) ├─■─┤ Rx(-4.8891) ├─»
«       ├─────────────┤   ├────────────┤ └┬────────────┤   ├─────────────┤ »
« q_8: ─┤ Rx(-4.8911) ├───┤ Ry(1.2264) ├──┤ Rz(2.8742) ├─■─┤ Rx(-3.5802) ├─»
«       └┬────────────┤   ├────────────┤  ├────────────┤ │ └┬────────────┤ »
« q_9: ──┤ Rx(2.5882) ├───┤ Ry(2.0629) ├──┤ Rz(3.5376) ├─■──┤ Rx(3.1215) ├─»
«      ┌─┴────────────┴┐ ┌┴────────────┴┐ ├────────────┤    ├────────────┤ »
«q_10: ┤ Rx(-0.030872) ├─┤ Ry(-0.21379) ├─┤ Rz(3.5243) ├─■──┤ Rx(1.5353) ├─»
«      └─┬────────────┬┘ ├──────────────┤ └────────────┘ │ ┌┴────────────┴┐»
«q_11: ──┤ Ry(1.0167) ├──┤ Rz(-0.77617) ├────────────────■─┤ Rx(-0.28167) ├»
«        └────────────┘  └──────────────┘                  └──────────────┘»
«      ┌──────────────┐ ┌────────────┐ ┌─────────────┐┌─────────────┐ »
« q_0: ┤ Ry(-0.41741) ├─┤ Rz(1.0683) ├─┤ Rx(-2.2885) ├┤ Ry(-5.6016) ├─»
«      └┬────────────┬┘ ├────────────┤ └─────────────┘├─────────────┤ »
« q_1: ─┤ Ry(6.8043) ├──┤ Rz(4.4088) ├────────■───────┤ Rx(-2.1266) ├─»
«      ┌┴────────────┤  ├────────────┤        │       ├─────────────┴┐»
« q_2: ┤ Ry(-3.1417) ├──┤ Rz(-3.309) ├────────■───────┤ Rx(-0.43695) ├»
«      └┬────────────┤ ┌┴────────────┤                ├─────────────┬┘»
« q_3: ─┤ Ry(3.0223) ├─┤ Rz(-7.4651) ├────────■───────┤ Rx(-2.9132) ├─»
«       ├────────────┤ ├─────────────┤        │       └┬────────────┤ »
« q_4: ─┤ Ry(3.0981) ├─┤ Rz(-3.0411) ├────────■────────┤ Rx(3.2096) ├─»
«      ┌┴────────────┤ └┬────────────┤                ┌┴────────────┤ »
« q_5: ┤ Ry(-3.1421) ├──┤ Rz(3.4414) ├────────■───────┤ Rx(-1.6313) ├─»
«      ├─────────────┤ ┌┴────────────┤        │       ├─────────────┤ »
« q_6: ┤ Ry(-1.3631) ├─┤ Rz(-1.2731) ├────────■───────┤ Rx(0.22812) ├─»
«      ├─────────────┤ ├─────────────┴┐               └┬────────────┤ »
« q_7: ┤ Ry(0.81528) ├─┤ Rz(-0.31869) ├───────■────────┤ Rx(-2.605) ├─»
«      ├─────────────┤ ├─────────────┬┘       │       ┌┴────────────┤ »
« q_8: ┤ Ry(-3.3145) ├─┤ Rz(-2.4871) ├────────■───────┤ Rx(-3.4984) ├─»
«      └┬───────────┬┘ └┬────────────┤                └┬────────────┤ »
« q_9: ─┤ Ry(3.139) ├───┤ Rz(3.8551) ├────────■────────┤ Rx(3.2937) ├─»
«       ├───────────┴┐  ├────────────┤        │        ├────────────┤ »
«q_10: ─┤ Ry(4.9557) ├──┤ Rz(4.6506) ├────────■────────┤ Rx(1.7061) ├─»
«      ┌┴────────────┤ ┌┴────────────┤  ┌────────────┐┌┴────────────┤ »
«q_11: ┤ Ry(-2.7427) ├─┤ Rz(-4.0255) ├──┤ Rx(2.2011) ├┤ Ry(-1.2081) ├─»
«      └─────────────┘ └─────────────┘  └────────────┘└─────────────┘ »
«       ┌────────────┐ ┌─────────────┐ ┌─────────────┐┌─────────────┐»
« q_0: ─┤ Rz(4.3823) ├─┤ Rx(-1.3892) ├─┤ Ry(-1.8878) ├┤ Rz(0.15789) ├»
«       ├────────────┤ └┬────────────┤ ├─────────────┤└┬────────────┤»
« q_1: ─┤ Ry(1.5965) ├──┤ Rz(3.9103) ├─┤ Rx(-1.6537) ├─┤ Ry(1.7147) ├»
«      ┌┴────────────┤  ├────────────┤ ├─────────────┤┌┴────────────┤»
« q_2: ┤ Ry(-4.1586) ├──┤ Rz(1.5557) ├─┤ Rx(-4.1623) ├┤ Ry(-2.7182) ├»
«      └┬────────────┤ ┌┴────────────┤ ├─────────────┤└┬───────────┬┘»
« q_3: ─┤ Ry(2.7105) ├─┤ Rz(-5.8432) ├─┤ Rx(-3.5694) ├─┤ Ry(2.593) ├─»
«       ├────────────┤┌┴─────────────┴┐├─────────────┤ ├───────────┴┐»
« q_4: ─┤ Ry(3.6274) ├┤ Rz(-0.034257) ├┤ Rx(-3.0054) ├─┤ Ry(3.5629) ├»
«      ┌┴────────────┤└─┬────────────┬┘├─────────────┤┌┴────────────┤»
« q_5: ┤ Ry(-2.1398) ├──┤ Rz(2.4627) ├─┤ Rx(-1.5236) ├┤ Ry(-2.4053) ├»
«      └┬────────────┤  ├────────────┤ └┬────────────┤└┬────────────┤»
« q_6: ─┤ Ry(5.0772) ├──┤ Rz(3.3993) ├──┤ Rx(2.5492) ├─┤ Ry(3.9093) ├»
«       ├────────────┤ ┌┴────────────┤ ┌┴────────────┤ ├────────────┤»
« q_7: ─┤ Ry(4.9214) ├─┤ Rz(-1.8712) ├─┤ Rx(-4.9586) ├─┤ Ry(2.1095) ├»
«      ┌┴────────────┤ ├─────────────┴┐├─────────────┤┌┴────────────┤»
« q_8: ┤ Ry(-3.3005) ├─┤ Rz(-0.90516) ├┤ Rx(-2.2544) ├┤ Ry(-2.3716) ├»
«      └┬────────────┤ └┬────────────┬┘└┬────────────┤├─────────────┤»
« q_9: ─┤ Ry(1.0505) ├──┤ Rz(3.4992) ├──┤ Rx(4.6968) ├┤ Ry(-2.7906) ├»
«       ├────────────┤  ├────────────┤  ├────────────┤└┬───────────┬┘»
«q_10: ─┤ Ry(2.6148) ├──┤ Rz(3.2025) ├──┤ Rx(3.4648) ├─┤ Ry(2.052) ├─»
«      ┌┴────────────┤  ├────────────┤ ┌┴────────────┤ ├───────────┴┐»
«q_11: ┤ Rz(-1.8265) ├──┤ Rx(2.0937) ├─┤ Ry(-1.7158) ├─┤ Rz(7.7852) ├»
«      └─────────────┘  └────────────┘ └─────────────┘ └────────────┘»
«                                                                             »
« q_0: ──────────────────■────────────────────────────────■──■────────────────»
«       ┌─────────────┐  │                                │  │                »
« q_1: ─┤ Rz(0.67694) ├──■──■────────■────────────────────┼──┼─────■────────■─»
«       ├─────────────┤     │        │                    │  │     │        │ »
« q_2: ─┤ Rz(-4.1613) ├─────■──■─────┼────────────────────┼──■──■──┼─────■──┼─»
«       └┬────────────┤        │     │                    │     │  │     │  │ »
« q_3: ──┤ Rz(4.0921) ├────────■──■──■─────■──────────────┼─────┼──┼─────┼──┼─»
«      ┌─┴────────────┴┐          │        │              │     │  │     │  │ »
« q_4: ┤ Rz(0.0027782) ├──────────■──■─────┼──────────────┼─────■──┼──■──┼──■─»
«      └─┬────────────┬┘             │     │              │        │  │  │    »
« q_5: ──┤ Rz(6.9387) ├──────────────■──■──■─────■────────┼────────┼──┼──■────»
«       ┌┴────────────┤                 │        │        │        │  │       »
« q_6: ─┤ Rz(-1.0199) ├─────────────────■──■─────┼────────┼────────┼──■──■────»
«       └┬────────────┤                    │     │        │        │     │    »
« q_7: ──┤ Rz(7.6209) ├────────────────────■──■──■─────■──┼────────┼─────┼────»
«        ├────────────┤                       │        │  │        │     │    »
« q_8: ──┤ Rz(6.2284) ├───────────────────────■──■─────┼──┼────────┼─────■──■─»
«       ┌┴────────────┴┐                         │     │  │        │        │ »
« q_9: ─┤ Rz(-0.62999) ├─────────────────────────■──■──■──┼──■─────┼────────┼─»
«       ├─────────────┬┘                            │     │  │     │        │ »
«q_10: ─┤ Rz(-4.4794) ├─────────────────────────────■──■──┼──┼─────┼────────■─»
«       └─────────────┘                                │  │  │     │          »
«q_11: ────────────────────────────────────────────────■──■──■─────■──────────»
«                                                                             »
«                                                                             »
« q_0: ────■───────■──────────────────────────────────────────────────────────»
«          │       │                                            ┌────────────┐»
« q_1: ────┼───────┼──────────────────────────────────────────■─┤ Rx(-3.142) ├»
«          │       │                                          │ └────────────┘»
« q_2: ────┼───────┼──────────────────────────────────────────┼───────■───────»
«          │       │                                          │       │       »
« q_3: ────┼───────■───────────────────────────────■──────────┼───────┼───────»
«          │ ┌────────────┐ ┌────────────┐         │          │       │       »
« q_4: ─■──┼─┤ Rx(3.1416) ├─┤ Ry(3.1416) ├─────────┼──────────┼───────┼───────»
«       │  │ └────────────┘┌┴────────────┤         │          │       │       »
« q_5: ─┼──┼───────■───────┤ Rx(-3.1339) ├─────────┼──────────┼───────┼───────»
«       │  │       │       └─────────────┘         │          │       │       »
« q_6: ─┼──┼───────┼───────────────────────────────■──────────┼───────┼───────»
«       │  │       │                      ┌─────────────────┐ │       │       »
« q_7: ─■──┼───────┼──────────────■───────┤ Rx(-8.3532e-07) ├─┼───────┼───────»
«          │       │              │       └─────────────────┘ │       │       »
« q_8: ────┼───────■──────────────┼────────────────■──────────┼───────┼───────»
«          │                      │                │          │       │       »
« q_9: ────┼──────────────────────┼────────────────┼──────────┼───────┼───────»
«          │                      │                │          │       │       »
«q_10: ────■──────────────────────■────────────────┼──────────■───────┼───────»
«                                                  │                  │       »
«q_11: ────────────────────────────────────────────■──────────────────■───────»
«                                                                             »
«                                                            ┌─────────────┐»
« q_0: ────────────────────────────────────────────────────■─┤ Rx(-6.2832) ├»
«       ┌─────────────┐   ┌─────────────┐                  │ └─────────────┘»
« q_1: ─┤ Ry(-3.1401) ├───┤ Rz(-9.0923) ├──────────────────┼────────────────»
«       └┬────────────┤   └┬────────────┤  ┌─────────────┐ │                »
« q_2: ──┤ Rx(6.2835) ├────┤ Ry(6.2835) ├──┤ Rz(-4.5305) ├─┼────────────────»
«       ┌┴────────────┤    ├────────────┤  └┬────────────┤ │                »
« q_3: ─┤ Rx(-3.1416) ├────┤ Ry(6.2832) ├───┤ Rz(-1.076) ├─┼────────────────»
«       └┬────────────┤    └────────────┘   └────────────┘ │                »
« q_4: ──┤ Rz(1.6945) ├────────────────────────────────────┼────────────────»
«       ┌┴────────────┤    ┌────────────┐                  │                »
« q_5: ─┤ Ry(-3.1368) ├────┤ Rz(1.9849) ├──────────────────┼────────────────»
«       └─────────────┘    └────────────┘   ┌────────────┐ │ ┌─────────────┐»
« q_6: ──────────────────────────■──────────┤ Rx(6.2487) ├─┼─┤ Ry(-3.3618) ├»
«        ┌────────────┐          │          ├────────────┤ │ └─────────────┘»
« q_7: ──┤ Ry(3.1416) ├──────────┼──────────┤ Rz(6.8299) ├─┼────────────────»
«        ├────────────┤          │          ├────────────┤ │ ┌─────────────┐»
« q_8: ──┤ Rx(3.1416) ├──────────┼──────────┤ Ry(3.1416) ├─┼─┤ Rz(-6.9339) ├»
«        └────────────┘          │          └────────────┘ │ ├─────────────┤»
« q_9: ──────────────────────────■─────────────────────────■─┤ Rx(-3.0527) ├»
«         ┌──────────┐     ┌────────────┐   ┌────────────┐   └─────────────┘»
«q_10: ───┤ Rx(3.14) ├─────┤ Ry(3.1526) ├───┤ Rz(1.3629) ├──────────────────»
«      ┌──┴──────────┴──┐┌─┴────────────┴─┐ ├────────────┤                  »
«q_11: ┤ Rx(-1.231e-05) ├┤ Ry(2.6147e-05) ├─┤ Rz(1.1373) ├──────────────────»
«      └────────────────┘└────────────────┘ └────────────┘                  »
«       ┌────────────┐┌─────────────┐
« q_0: ─┤ Ry(3.1416) ├┤ Rz(0.27638) ├
«       └────────────┘└─────────────┘
« q_1: ──────────────────────────────
«                                    
« q_2: ──────────────────────────────
«                                    
« q_3: ──────────────────────────────
«                                    
« q_4: ──────────────────────────────
«                                    
« q_5: ──────────────────────────────
«      ┌─────────────┐               
« q_6: ┤ Rz(-1.7251) ├───────────────
«      └─────────────┘               
« q_7: ──────────────────────────────
«                                    
« q_8: ──────────────────────────────
«      ┌─────────────┐┌─────────────┐
« q_9: ┤ Ry(-4.2152) ├┤ Rz(-1.4674) ├
«      └─────────────┘└─────────────┘
«q_10: ──────────────────────────────
«                                    
«q_11: ──────────────────────────────
«                                    
