Train hybrid.
----------epoch 0-----------
batched average loss:  -15.47249 minimum candidate loss:  -15.539252
probability converged
strcuture parameter: 
 [[0.40001625 1.5999837 ]
 [0.40009862 1.5999014 ]
 [0.4000181  1.5999819 ]
 [1.5999718  0.40002817]
 [1.5999851  0.40001482]
 [0.4109925  1.5890075 ]]
tf.Tensor([1 1 1 0 0 1], shape=(6,), dtype=int64)
current recommendation loss:  tf.Tensor(-48.415604, shape=(), dtype=float32)
----------epoch 50-----------
batched average loss:  -78.606316 minimum candidate loss:  -78.606316
probability converged
strcuture parameter: 
 [[-6.8988314  5.738224 ]
 [-6.94695    5.691184 ]
 [-6.948963   5.742943 ]
 [ 5.6380296 -6.6659656]
 [ 5.708256  -6.7917128]
 [-6.761082   5.5969057]]
tf.Tensor([1 1 1 0 0 1], shape=(6,), dtype=int64)
current recommendation loss:  tf.Tensor(-78.61649, shape=(), dtype=float32)
----------epoch 100-----------
batched average loss:  -78.6242 minimum candidate loss:  -78.6242
probability converged
strcuture parameter: 
 [[-7.014044   5.76649  ]
 [-7.0636086  5.719203 ]
 [-7.065431   5.7712603]
 [ 5.6655817 -6.775693 ]
 [ 5.736278  -6.904197 ]
 [-6.8738966  5.624301 ]]
tf.Tensor([1 1 1 0 0 1], shape=(6,), dtype=int64)
current recommendation loss:  tf.Tensor(-78.66475, shape=(), dtype=float32)
----------epoch 150-----------
batched average loss:  -78.67775 minimum candidate loss:  -78.67776
probability converged
strcuture parameter: 
 [[-7.0342183  5.7666683]
 [-7.084122   5.71938  ]
 [-7.0858946  5.7714386]
 [ 5.6657543 -6.7946253]
 [ 5.736455  -6.9237247]
 [-6.8935685  5.624473 ]]
tf.Tensor([1 1 1 0 0 1], shape=(6,), dtype=int64)
current recommendation loss:  tf.Tensor(-78.67769, shape=(), dtype=float32)
----------epoch 200-----------
batched average loss:  -78.67816 minimum candidate loss:  -78.67816
probability converged
strcuture parameter: 
 [[-7.034672   5.7666683]
 [-7.0845823  5.71938  ]
 [-7.0863533  5.7714386]
 [ 5.6657543 -6.795051 ]
 [ 5.736455  -6.9241633]
 [-6.89401    5.624473 ]]
tf.Tensor([1 1 1 0 0 1], shape=(6,), dtype=int64)
current recommendation loss:  tf.Tensor(-78.67825, shape=(), dtype=float32)
----------epoch 250-----------
batched average loss:  -78.663155 minimum candidate loss:  -78.66316
probability converged
strcuture parameter: 
 [[-7.0279813  5.7666683]
 [-7.077779   5.71938  ]
 [-7.0795717  5.7714386]
 [ 5.6657543 -6.788772 ]
 [ 5.736455  -6.917691 ]
 [-6.8874874  5.624473 ]]
tf.Tensor([1 1 1 0 0 1], shape=(6,), dtype=int64)
current recommendation loss:  tf.Tensor(-78.67169, shape=(), dtype=float32)
----------epoch 300-----------
batched average loss:  -78.67816 minimum candidate loss:  -78.67817
probability converged
strcuture parameter: 
 [[-7.03456    5.7666683]
 [-7.08447    5.71938  ]
 [-7.0862412  5.7714386]
 [ 5.6657543 -6.7949467]
 [ 5.736455  -6.924057 ]
 [-6.8939023  5.624473 ]]
tf.Tensor([1 1 1 0 0 1], shape=(6,), dtype=int64)
current recommendation loss:  tf.Tensor(-78.678215, shape=(), dtype=float32)
----------epoch 350-----------
batched average loss:  -78.67823 minimum candidate loss:  -78.67824
probability converged
strcuture parameter: 
 [[-7.034646   5.7666683]
 [-7.084555   5.71938  ]
 [-7.0863266  5.7714386]
 [ 5.6657543 -6.795024 ]
 [ 5.736455  -6.9241385]
 [-6.8939853  5.624473 ]]
tf.Tensor([1 1 1 0 0 1], shape=(6,), dtype=int64)
current recommendation loss:  tf.Tensor(-78.67825, shape=(), dtype=float32)
----------epoch 400-----------
batched average loss:  -78.67829 minimum candidate loss:  -78.6783
probability converged
strcuture parameter: 
 [[-7.0346227  5.7666683]
 [-7.084531   5.71938  ]
 [-7.0863028  5.7714386]
 [ 5.6657543 -6.795002 ]
 [ 5.736455  -6.9241166]
 [-6.893964   5.624473 ]]
tf.Tensor([1 1 1 0 0 1], shape=(6,), dtype=int64)
current recommendation loss:  tf.Tensor(-78.678246, shape=(), dtype=float32)
----------epoch 450-----------
batched average loss:  -78.67828 minimum candidate loss:  -78.678276
probability converged
strcuture parameter: 
 [[-7.034617   5.7666683]
 [-7.084524   5.71938  ]
 [-7.086297   5.7714386]
 [ 5.6657543 -6.794996 ]
 [ 5.736455  -6.924112 ]
 [-6.8939595  5.624473 ]]
tf.Tensor([1 1 1 0 0 1], shape=(6,), dtype=int64)
current recommendation loss:  tf.Tensor(-78.678246, shape=(), dtype=float32)
----------epoch 500-----------
batched average loss:  -78.67823 minimum candidate loss:  -78.67824
probability converged
strcuture parameter: 
 [[-7.0345955  5.7666683]
 [-7.084502   5.71938  ]
 [-7.086275   5.7714386]
 [ 5.6657543 -6.7949767]
 [ 5.736455  -6.9240913]
 [-6.8939385  5.624473 ]]
tf.Tensor([1 1 1 0 0 1], shape=(6,), dtype=int64)
current recommendation loss:  tf.Tensor(-78.678314, shape=(), dtype=float32)
----------epoch 550-----------
batched average loss:  -78.67827 minimum candidate loss:  -78.67826
probability converged
strcuture parameter: 
 [[-7.034614   5.7666683]
 [-7.0845213  5.71938  ]
 [-7.086294   5.7714386]
 [ 5.6657543 -6.794994 ]
 [ 5.736455  -6.9241095]
 [-6.8939567  5.624473 ]]
tf.Tensor([1 1 1 0 0 1], shape=(6,), dtype=int64)
current recommendation loss:  tf.Tensor(-78.67824, shape=(), dtype=float32)
----------epoch 600-----------
batched average loss:  -78.678215 minimum candidate loss:  -78.67821
probability converged
strcuture parameter: 
 [[-7.0346494  5.7666683]
 [-7.084556   5.71938  ]
 [-7.086329   5.7714386]
 [ 5.6657543 -6.7950273]
 [ 5.736455  -6.9241443]
 [-6.893991   5.624473 ]]
tf.Tensor([1 1 1 0 0 1], shape=(6,), dtype=int64)
current recommendation loss:  tf.Tensor(-78.678276, shape=(), dtype=float32)
----------epoch 650-----------
batched average loss:  -78.678215 minimum candidate loss:  -78.678215
probability converged
strcuture parameter: 
 [[-7.034686   5.7666683]
 [-7.0845942  5.71938  ]
 [-7.0863676  5.7714386]
 [ 5.6657543 -6.7950625]
 [ 5.736455  -6.9241796]
 [-6.8940268  5.624473 ]]
tf.Tensor([1 1 1 0 0 1], shape=(6,), dtype=int64)
current recommendation loss:  tf.Tensor(-78.67828, shape=(), dtype=float32)
----------epoch 700-----------
batched average loss:  -78.67816 minimum candidate loss:  -78.67816
probability converged
strcuture parameter: 
 [[-7.0346646  5.7666683]
 [-7.084571   5.71938  ]
 [-7.0863442  5.7714386]
 [ 5.6657543 -6.795044 ]
 [ 5.736455  -6.9241605]
 [-6.8940077  5.624473 ]]
tf.Tensor([1 1 1 0 0 1], shape=(6,), dtype=int64)
current recommendation loss:  tf.Tensor(-78.67826, shape=(), dtype=float32)
----------epoch 750-----------
batched average loss:  -78.67828 minimum candidate loss:  -78.67827
probability converged
strcuture parameter: 
 [[-7.034656   5.7666683]
 [-7.0845623  5.71938  ]
 [-7.0863357  5.7714386]
 [ 5.6657543 -6.7950363]
 [ 5.736455  -6.924152 ]
 [-6.893999   5.624473 ]]
tf.Tensor([1 1 1 0 0 1], shape=(6,), dtype=int64)
current recommendation loss:  tf.Tensor(-78.678345, shape=(), dtype=float32)
----------epoch 800-----------
batched average loss:  -78.67811 minimum candidate loss:  -78.678116
probability converged
strcuture parameter: 
 [[-7.034692   5.7666683]
 [-7.0845976  5.71938  ]
 [-7.0863714  5.7714386]
 [ 5.6657543 -6.7950706]
 [ 5.736455  -6.924187 ]
 [-6.8940344  5.624473 ]]
tf.Tensor([1 1 1 0 0 1], shape=(6,), dtype=int64)
current recommendation loss:  tf.Tensor(-78.67827, shape=(), dtype=float32)
----------epoch 850-----------
batched average loss:  -78.67811 minimum candidate loss:  -78.678116
probability converged
strcuture parameter: 
 [[-7.034722   5.7666683]
 [-7.0846276  5.71938  ]
 [-7.0864015  5.7714386]
 [ 5.6657543 -6.795099 ]
 [ 5.736455  -6.9242153]
 [-6.894063   5.624473 ]]
tf.Tensor([1 1 1 0 0 1], shape=(6,), dtype=int64)
current recommendation loss:  tf.Tensor(-78.67827, shape=(), dtype=float32)
----------epoch 900-----------
batched average loss:  -78.6782 minimum candidate loss:  -78.67819
probability converged
strcuture parameter: 
 [[-7.0347223  5.7666683]
 [-7.084628   5.71938  ]
 [-7.086402   5.7714386]
 [ 5.6657543 -6.795099 ]
 [ 5.736455  -6.924215 ]
 [-6.894063   5.624473 ]]
tf.Tensor([1 1 1 0 0 1], shape=(6,), dtype=int64)
current recommendation loss:  tf.Tensor(-78.678215, shape=(), dtype=float32)
----------epoch 950-----------
batched average loss:  -78.678215 minimum candidate loss:  -78.678215
probability converged
strcuture parameter: 
 [[-7.034692   5.7666683]
 [-7.084597   5.71938  ]
 [-7.086371   5.7714386]
 [ 5.6657543 -6.7950706]
 [ 5.736455  -6.9241853]
 [-6.894034   5.624473 ]]
tf.Tensor([1 1 1 0 0 1], shape=(6,), dtype=int64)
current recommendation loss:  tf.Tensor(-78.67822, shape=(), dtype=float32)
----------epoch 1000-----------
batched average loss:  -78.678215 minimum candidate loss:  -78.678215
probability converged
strcuture parameter: 
 [[-7.0347     5.7666683]
 [-7.084605   5.71938  ]
 [-7.086379   5.7714386]
 [ 5.6657543 -6.795079 ]
 [ 5.736455  -6.9241934]
 [-6.894042   5.624473 ]]
tf.Tensor([1 1 1 0 0 1], shape=(6,), dtype=int64)
current recommendation loss:  tf.Tensor(-78.6783, shape=(), dtype=float32)
----------epoch 1050-----------
batched average loss:  -78.67816 minimum candidate loss:  -78.67816
probability converged
strcuture parameter: 
 [[-7.0346847  5.7666683]
 [-7.084589   5.71938  ]
 [-7.0863624  5.7714386]
 [ 5.6657543 -6.795066 ]
 [ 5.736455  -6.9241786]
 [-6.8940268  5.624473 ]]
tf.Tensor([1 1 1 0 0 1], shape=(6,), dtype=int64)
current recommendation loss:  tf.Tensor(-78.67817, shape=(), dtype=float32)
----------epoch 1100-----------
batched average loss:  -78.67834 minimum candidate loss:  -78.67833
probability converged
strcuture parameter: 
 [[-7.034681   5.7666683]
 [-7.0845847  5.71938  ]
 [-7.0863585  5.7714386]
 [ 5.6657543 -6.7950616]
 [ 5.736455  -6.924175 ]
 [-6.894023   5.624473 ]]
tf.Tensor([1 1 1 0 0 1], shape=(6,), dtype=int64)
current recommendation loss:  tf.Tensor(-78.67827, shape=(), dtype=float32)
----------epoch 1150-----------
batched average loss:  -78.67824 minimum candidate loss:  -78.678246
probability converged
strcuture parameter: 
 [[-7.0346713  5.7666683]
 [-7.084575   5.71938  ]
 [-7.086349   5.7714386]
 [ 5.6657543 -6.795052 ]
 [ 5.736455  -6.9241652]
 [-6.8940144  5.624473 ]]
tf.Tensor([1 1 1 0 0 1], shape=(6,), dtype=int64)
current recommendation loss:  tf.Tensor(-78.67817, shape=(), dtype=float32)
----------epoch 1200-----------
batched average loss:  -78.67816 minimum candidate loss:  -78.67818
probability converged
strcuture parameter: 
 [[-7.0346484  5.7666683]
 [-7.0845523  5.71938  ]
 [-7.086326   5.7714386]
 [ 5.6657543 -6.79503  ]
 [ 5.736455  -6.9241433]
 [-6.893992   5.624473 ]]
tf.Tensor([1 1 1 0 0 1], shape=(6,), dtype=int64)
current recommendation loss:  tf.Tensor(-78.678116, shape=(), dtype=float32)
----------epoch 1250-----------
batched average loss:  -78.6782 minimum candidate loss:  -78.67819
probability converged
strcuture parameter: 
 [[-7.0346613  5.7666683]
 [-7.0845656  5.71938  ]
 [-7.086339   5.7714386]
 [ 5.6657543 -6.7950416]
 [ 5.736455  -6.9241557]
 [-6.894005   5.624473 ]]
tf.Tensor([1 1 1 0 0 1], shape=(6,), dtype=int64)
current recommendation loss:  tf.Tensor(-78.67818, shape=(), dtype=float32)
----------epoch 1300-----------
batched average loss:  -78.67816 minimum candidate loss:  -78.67817
probability converged
strcuture parameter: 
 [[-7.03467    5.7666683]
 [-7.084574   5.71938  ]
 [-7.0863476  5.7714386]
 [ 5.6657543 -6.7950487]
 [ 5.736455  -6.9241633]
 [-6.8940125  5.624473 ]]
tf.Tensor([1 1 1 0 0 1], shape=(6,), dtype=int64)
current recommendation loss:  tf.Tensor(-78.67813, shape=(), dtype=float32)
----------epoch 1350-----------
batched average loss:  -78.67811 minimum candidate loss:  -78.678116
probability converged
strcuture parameter: 
 [[-7.0346766  5.7666683]
 [-7.0845814  5.71938  ]
 [-7.0863547  5.7714386]
 [ 5.6657543 -6.795055 ]
 [ 5.736455  -6.92417  ]
 [-6.8940196  5.624473 ]]
tf.Tensor([1 1 1 0 0 1], shape=(6,), dtype=int64)
current recommendation loss:  tf.Tensor(-78.67822, shape=(), dtype=float32)
----------epoch 1400-----------
batched average loss:  -78.67829 minimum candidate loss:  -78.6783
probability converged
strcuture parameter: 
 [[-7.0346756  5.7666683]
 [-7.08458    5.71938  ]
 [-7.0863533  5.7714386]
 [ 5.6657543 -6.795054 ]
 [ 5.736455  -6.924169 ]
 [-6.8940187  5.624473 ]]
tf.Tensor([1 1 1 0 0 1], shape=(6,), dtype=int64)
current recommendation loss:  tf.Tensor(-78.67827, shape=(), dtype=float32)
----------epoch 1450-----------
batched average loss:  -78.678215 minimum candidate loss:  -78.67821
probability converged
strcuture parameter: 
 [[-7.0346737  5.7666683]
 [-7.0845776  5.71938  ]
 [-7.086351   5.7714386]
 [ 5.6657543 -6.795053 ]
 [ 5.736455  -6.9241676]
 [-6.894017   5.624473 ]]
tf.Tensor([1 1 1 0 0 1], shape=(6,), dtype=int64)
current recommendation loss:  tf.Tensor(-78.67825, shape=(), dtype=float32)
----------epoch 1500-----------
batched average loss:  -78.678345 minimum candidate loss:  -78.678345
probability converged
strcuture parameter: 
 [[-7.034678   5.7666683]
 [-7.0845814  5.71938  ]
 [-7.0863547  5.7714386]
 [ 5.6657543 -6.795056 ]
 [ 5.736455  -6.924172 ]
 [-6.8940215  5.624473 ]]
tf.Tensor([1 1 1 0 0 1], shape=(6,), dtype=int64)
current recommendation loss:  tf.Tensor(-78.67817, shape=(), dtype=float32)
----------epoch 1550-----------
batched average loss:  -78.67812 minimum candidate loss:  -78.67813
probability converged
strcuture parameter: 
 [[-7.034663   5.7666683]
 [-7.0845666  5.71938  ]
 [-7.08634    5.7714386]
 [ 5.6657543 -6.7950406]
 [ 5.736455  -6.9241567]
 [-6.8940063  5.624473 ]]
tf.Tensor([1 1 1 0 0 1], shape=(6,), dtype=int64)
current recommendation loss:  tf.Tensor(-78.67818, shape=(), dtype=float32)
----------epoch 1600-----------
batched average loss:  -78.67816 minimum candidate loss:  -78.67818
probability converged
strcuture parameter: 
 [[-7.034666   5.7666683]
 [-7.084569   5.71938  ]
 [-7.0863423  5.7714386]
 [ 5.6657543 -6.7950425]
 [ 5.736455  -6.92416  ]
 [-6.8940096  5.624473 ]]
tf.Tensor([1 1 1 0 0 1], shape=(6,), dtype=int64)
current recommendation loss:  tf.Tensor(-78.67816, shape=(), dtype=float32)
----------epoch 1650-----------
batched average loss:  -78.678215 minimum candidate loss:  -78.678215
probability converged
strcuture parameter: 
 [[-7.0346704  5.7666683]
 [-7.0845733  5.71938  ]
 [-7.0863466  5.7714386]
 [ 5.6657543 -6.7950473]
 [ 5.736455  -6.924165 ]
 [-6.894014   5.624473 ]]
tf.Tensor([1 1 1 0 0 1], shape=(6,), dtype=int64)
current recommendation loss:  tf.Tensor(-78.67815, shape=(), dtype=float32)
----------epoch 1700-----------
batched average loss:  -78.6783 minimum candidate loss:  -78.67831
probability converged
strcuture parameter: 
 [[-7.0346727  5.7666683]
 [-7.084576   5.71938  ]
 [-7.0863495  5.7714386]
 [ 5.6657543 -6.795049 ]
 [ 5.736455  -6.9241667]
 [-6.894016   5.624473 ]]
tf.Tensor([1 1 1 0 0 1], shape=(6,), dtype=int64)
current recommendation loss:  tf.Tensor(-78.67826, shape=(), dtype=float32)
----------epoch 1750-----------
batched average loss:  -78.67829 minimum candidate loss:  -78.6783
probability converged
strcuture parameter: 
 [[-7.0346785  5.7666683]
 [-7.084582   5.71938  ]
 [-7.086355   5.7714386]
 [ 5.6657543 -6.7950554]
 [ 5.736455  -6.924173 ]
 [-6.8940215  5.624473 ]]
tf.Tensor([1 1 1 0 0 1], shape=(6,), dtype=int64)
current recommendation loss:  tf.Tensor(-78.67821, shape=(), dtype=float32)
----------epoch 1800-----------
batched average loss:  -78.67823 minimum candidate loss:  -78.67823
probability converged
strcuture parameter: 
 [[-7.034681   5.7666683]
 [-7.084584   5.71938  ]
 [-7.0863576  5.7714386]
 [ 5.6657543 -6.7950573]
 [ 5.736455  -6.9241753]
 [-6.894024   5.624473 ]]
tf.Tensor([1 1 1 0 0 1], shape=(6,), dtype=int64)
current recommendation loss:  tf.Tensor(-78.67822, shape=(), dtype=float32)
----------epoch 1850-----------
batched average loss:  -78.6782 minimum candidate loss:  -78.67819
probability converged
strcuture parameter: 
 [[-7.034681   5.7666683]
 [-7.084584   5.71938  ]
 [-7.0863576  5.7714386]
 [ 5.6657543 -6.795057 ]
 [ 5.736455  -6.9241753]
 [-6.894024   5.624473 ]]
tf.Tensor([1 1 1 0 0 1], shape=(6,), dtype=int64)
current recommendation loss:  tf.Tensor(-78.67825, shape=(), dtype=float32)
----------epoch 1900-----------
batched average loss:  -78.67823 minimum candidate loss:  -78.67824
probability converged
strcuture parameter: 
 [[-7.034679   5.7666683]
 [-7.0845823  5.71938  ]
 [-7.0863557  5.7714386]
 [ 5.6657543 -6.7950544]
 [ 5.736455  -6.9241724]
 [-6.894022   5.624473 ]]
tf.Tensor([1 1 1 0 0 1], shape=(6,), dtype=int64)
current recommendation loss:  tf.Tensor(-78.67827, shape=(), dtype=float32)
----------epoch 1950-----------
batched average loss:  -78.6782 minimum candidate loss:  -78.67819
probability converged
strcuture parameter: 
 [[-7.0346756  5.7666683]
 [-7.084579   5.71938  ]
 [-7.0863523  5.7714386]
 [ 5.6657543 -6.7950525]
 [ 5.736455  -6.92417  ]
 [-6.894019   5.624473 ]]
tf.Tensor([1 1 1 0 0 1], shape=(6,), dtype=int64)
current recommendation loss:  tf.Tensor(-78.67831, shape=(), dtype=float32)
----------epoch 1999-----------
batched average loss:  -78.67827 minimum candidate loss:  -78.67826
probability converged
strcuture parameter: 
 [[-7.0346737  5.7666683]
 [-7.0845776  5.71938  ]
 [-7.086351   5.7714386]
 [ 5.6657543 -6.79505  ]
 [ 5.736455  -6.9241676]
 [-6.8940167  5.624473 ]]
tf.Tensor([1 1 1 0 0 1], shape=(6,), dtype=int64)
current recommendation loss:  tf.Tensor(-78.67821, shape=(), dtype=float32)
Energy: tf.Tensor(-78.67821, shape=(), dtype=float32)
Ref energy: -74.38714627
Error rate: tf.Tensor(0.0998967, shape=(), dtype=float32)
        ┌──────────────┐  ┌─────────────┐   ┌────────────┐ ┌─────────────┐»
 q_0: ──┤ Rx(-0.83603) ├──┤ Ry(0.38553) ├───┤ Rz(1.2779) ├─┤ Rx(0.63267) ├»
        ├─────────────┬┘  ├─────────────┤   ├────────────┤ └─────────────┘»
 q_1: ──┤ Rx(-2.8059) ├───┤ Ry(-3.1757) ├───┤ Rz(2.1088) ├────────■───────»
        ├─────────────┤   ├─────────────┤  ┌┴────────────┤        │       »
 q_2: ──┤ Rx(-3.1416) ├───┤ Ry(-3.1416) ├──┤ Rz(-2.0138) ├────────■───────»
       ┌┴─────────────┴─┐┌┴─────────────┴─┐├─────────────┤                »
 q_3: ─┤ Rx(1.5099e-06) ├┤ Ry(-1.175e-06) ├┤ Rz(-4.6992) ├────────■───────»
       └─┬───────────┬──┘└─┬────────────┬─┘└┬────────────┤        │       »
 q_4: ───┤ Rx(1.477) ├─────┤ Ry(4.4212) ├───┤ Rz(1.9742) ├────────■───────»
        ┌┴───────────┴┐    ├────────────┤   ├────────────┤                »
 q_5: ──┤ Rx(-1.0112) ├────┤ Ry(1.3473) ├───┤ Rz(1.9478) ├────────■───────»
        ├─────────────┤    ├────────────┤  ┌┴────────────┴┐       │       »
 q_6: ──┤ Rx(-1.5966) ├────┤ Ry(1.2851) ├──┤ Rz(-0.44341) ├───────■───────»
      ┌─┴─────────────┴─┐┌─┴────────────┴─┐└┬───────────┬─┘               »
 q_7: ┤ Rx(-1.0912e-07) ├┤ Ry(3.4226e-07) ├─┤ Rz(0.685) ├─────────■───────»
      └─┬─────────────┬─┘└┬─────────────┬─┘ ├───────────┤         │       »
 q_8: ──┤ Rx(0.36279) ├───┤ Ry(-4.8733) ├───┤ Rz(4.542) ├─────────■───────»
        └┬───────────┬┘   ├─────────────┤   ├───────────┴┐                »
 q_9: ───┤ Rx(4.271) ├────┤ Ry(-2.3756) ├───┤ Rz(4.6237) ├────────■───────»
       ┌─┴───────────┴──┐┌┴─────────────┴─┐ ├────────────┤        │       »
q_10: ─┤ Rx(2.4481e-06) ├┤ Ry(7.9682e-08) ├─┤ Rz(1.9616) ├────────■───────»
       └┬─────────────┬─┘└┬─────────────┬─┘┌┴────────────┤ ┌─────────────┐»
q_11: ──┤ Rx(-0.9852) ├───┤ Ry(-1.7276) ├──┤ Rz(-2.4971) ├─┤ Rx(-1.8206) ├»
        └─────────────┘   └─────────────┘  └─────────────┘ └─────────────┘»
«       ┌─────────────┐    ┌─────────────┐                    ┌─────────────┐ »
« q_0: ─┤ Ry(0.69127) ├────┤ Rz(-1.4225) ├──────────────────■─┤ Rx(-2.7193) ├─»
«       ├─────────────┤    └┬────────────┤   ┌────────────┐ │ ├─────────────┤ »
« q_1: ─┤ Rx(-3.3819) ├─────┤ Ry(2.9594) ├───┤ Rz(3.0884) ├─■─┤ Rx(-3.1031) ├─»
«       ├─────────────┤   ┌─┴────────────┴─┐ ├────────────┤   ├─────────────┤ »
« q_2: ─┤ Rx(-3.1416) ├───┤ Ry(7.9409e-05) ├─┤ Rz(3.0882) ├─■─┤ Rx(-2.1204) ├─»
«       ├─────────────┤   └─┬────────────┬─┘┌┴────────────┤ │ ├─────────────┤ »
« q_3: ─┤ Rx(-3.4929) ├─────┤ Ry(3.2881) ├──┤ Rz(-3.4526) ├─■─┤ Rx(-3.5202) ├─»
«       └┬────────────┤     ├────────────┤  └┬────────────┤   └┬────────────┤ »
« q_4: ──┤ Rx(1.6578) ├─────┤ Ry(1.8854) ├───┤ Rz(0.4638) ├─■──┤ Rx(3.1507) ├─»
«       ┌┴────────────┤     ├────────────┤   ├────────────┤ │ ┌┴────────────┤ »
« q_5: ─┤ Rx(-2.8919) ├─────┤ Ry(1.4385) ├───┤ Rz(4.0111) ├─■─┤ Rx(-1.6199) ├─»
«       └┬────────────┤    ┌┴────────────┴┐ ┌┴────────────┤   └┬───────────┬┘ »
« q_6: ──┤ Rx(3.0665) ├────┤ Ry(-0.30033) ├─┤ Rz(-1.6639) ├─■──┤ Rx(3.156) ├──»
«      ┌─┴────────────┴─┐┌─┴──────────────┴┐├─────────────┤ │ ┌┴───────────┴┐ »
« q_7: ┤ Rx(2.8242e-08) ├┤ Ry(-1.8839e-08) ├┤ Rz(-2.2878) ├─■─┤ Rx(-4.3431) ├─»
«      └┬─────────────┬─┘└─┬─────────────┬─┘└┬────────────┤   ├─────────────┤ »
« q_8: ─┤ Rx(-3.4688) ├────┤ Ry(-1.4202) ├───┤ Rz(7.0167) ├─■─┤ Rx(-2.6582) ├─»
«       └┬────────────┤    └┬────────────┤   ├────────────┤ │ └┬────────────┤ »
« q_9: ──┤ Rx(2.2581) ├─────┤ Ry(1.0641) ├───┤ Rz(2.4306) ├─■──┤ Rx(6.0866) ├─»
«       ┌┴────────────┤    ┌┴────────────┤   ├────────────┤   ┌┴────────────┴┐»
«q_10: ─┤ Rx(0.50144) ├────┤ Ry(0.39107) ├───┤ Rz(3.1503) ├─■─┤ Rx(-0.53249) ├»
«       └┬────────────┤    ├─────────────┤   └────────────┘ │ ├─────────────┬┘»
«q_11: ──┤ Ry(1.9274) ├────┤ Rz(-1.1024) ├──────────────────■─┤ Rx(0.51447) ├─»
«        └────────────┘    └─────────────┘                    └─────────────┘ »
«      ┌─────────────┐  ┌────────────┐┌─────────────┐┌─────────────┐ »
« q_0: ┤ Ry(-5.1472) ├──┤ Rz(6.6346) ├┤ Rx(-2.2435) ├┤ Ry(-3.1979) ├─»
«      └┬────────────┤  ├───────────┬┘└─────────────┘└┬───────────┬┘ »
« q_1: ─┤ Ry(3.0559) ├──┤ Rz(2.346) ├────────■────────┤ Rx(-4.22) ├──»
«      ┌┴────────────┤  ├───────────┴┐       │       ┌┴───────────┴┐ »
« q_2: ┤ Ry(-4.4523) ├──┤ Rz(1.7122) ├───────■───────┤ Rx(-3.2897) ├─»
«      └┬────────────┤ ┌┴────────────┤               ├─────────────┤ »
« q_3: ─┤ Ry(6.3084) ├─┤ Rz(-4.1577) ├───────■───────┤ Rx(-2.5341) ├─»
«       ├────────────┤ └┬────────────┤       │       └┬────────────┤ »
« q_4: ─┤ Ry(3.0766) ├──┤ Rz(2.7571) ├───────■────────┤ Rx(2.8202) ├─»
«      ┌┴────────────┤  ├────────────┤               ┌┴────────────┤ »
« q_5: ┤ Ry(-2.1677) ├──┤ Rz(1.5594) ├───────■───────┤ Rx(-2.8271) ├─»
«      ├─────────────┤ ┌┴────────────┤       │       └┬────────────┤ »
« q_6: ┤ Ry(-3.0576) ├─┤ Rz(-2.0501) ├───────■────────┤ Rx(6.7584) ├─»
«      ├─────────────┤ └┬────────────┤               ┌┴────────────┤ »
« q_7: ┤ Ry(-1.2069) ├──┤ Rz(2.4755) ├───────■───────┤ Rx(-2.9447) ├─»
«      ├─────────────┤ ┌┴────────────┤       │       ├─────────────┤ »
« q_8: ┤ Ry(-1.5469) ├─┤ Rz(-2.2227) ├───────■───────┤ Rx(-2.6967) ├─»
«      └┬────────────┤ └┬────────────┤               └┬───────────┬┘ »
« q_9: ─┤ Ry(3.1862) ├──┤ Rz(3.0718) ├───────■────────┤ Rx(2.941) ├──»
«      ┌┴────────────┴┐ ├────────────┤       │        ├───────────┴┐ »
«q_10: ┤ Ry(-0.34526) ├─┤ Rz(1.8995) ├───────■────────┤ Rx(1.1338) ├─»
«      ├─────────────┬┘┌┴────────────┤┌─────────────┐┌┴────────────┴┐»
«q_11: ┤ Ry(-2.2143) ├─┤ Rz(-1.8949) ├┤ Rx(0.54183) ├┤ Ry(-0.66241) ├»
«      └─────────────┘ └─────────────┘└─────────────┘└──────────────┘»
«       ┌────────────┐ ┌────────────┐┌─────────────┐ ┌────────────┐»
« q_0: ─┤ Rz(3.4994) ├─┤ Rx(-3.285) ├┤ Ry(-4.8232) ├─┤ Rz(1.5188) ├»
«      ┌┴────────────┤ ├────────────┤├─────────────┤ ├────────────┤»
« q_1: ┤ Ry(0.90771) ├─┤ Rz(1.9985) ├┤ Rx(-3.2328) ├─┤ Ry(1.8673) ├»
«      ├─────────────┤┌┴────────────┤├─────────────┤┌┴────────────┤»
« q_2: ┤ Ry(-4.8885) ├┤ Rz(-1.8341) ├┤ Rx(-2.8846) ├┤ Ry(-2.4133) ├»
«      └┬────────────┤├─────────────┤├─────────────┤└┬────────────┤»
« q_3: ─┤ Ry(2.6871) ├┤ Rz(-5.4417) ├┤ Rx(-2.9914) ├─┤ Ry(2.4131) ├»
«       ├────────────┤└┬────────────┤├─────────────┤ ├────────────┤»
« q_4: ─┤ Ry(3.3492) ├─┤ Rz(4.3488) ├┤ Rx(-3.2616) ├─┤ Ry(2.7169) ├»
«      ┌┴────────────┤ ├────────────┤├─────────────┤┌┴────────────┤»
« q_5: ┤ Ry(-3.8576) ├─┤ Rz(1.1971) ├┤ Rx(-2.4845) ├┤ Ry(-2.8403) ├»
«      └┬────────────┤ ├────────────┤└┬────────────┤└┬────────────┤»
« q_6: ─┤ Ry(5.1781) ├─┤ Rz(2.6121) ├─┤ Rx(1.9777) ├─┤ Ry(2.9851) ├»
«       ├────────────┤ ├────────────┤┌┴────────────┤ ├────────────┤»
« q_7: ─┤ Ry(3.6026) ├─┤ Rz(2.0555) ├┤ Rx(-4.0108) ├─┤ Ry(4.8569) ├»
«      ┌┴────────────┤┌┴────────────┤├─────────────┤┌┴────────────┤»
« q_8: ┤ Ry(-3.8387) ├┤ Rz(-1.2562) ├┤ Rx(0.42155) ├┤ Ry(-3.6231) ├»
«      └┬────────────┤└┬────────────┤└┬────────────┤├─────────────┤»
« q_9: ─┤ Ry(4.5586) ├─┤ Rz(4.1344) ├─┤ Rx(4.9112) ├┤ Ry(-2.1705) ├»
«       ├────────────┤ ├────────────┤ ├────────────┤└┬────────────┤»
«q_10: ─┤ Ry(4.5345) ├─┤ Rz(2.1618) ├─┤ Rx(2.0112) ├─┤ Ry(1.7474) ├»
«      ┌┴────────────┤ ├───────────┬┘┌┴────────────┤ ├────────────┤»
«q_11: ┤ Rz(-1.5157) ├─┤ Rx(2.211) ├─┤ Ry(-1.2801) ├─┤ Rz(1.4032) ├»
«      └─────────────┘ └───────────┘ └─────────────┘ └────────────┘»
«                                                                            »
« q_0: ─────────────────■────────────────────────────────■──■────────────────»
«      ┌─────────────┐  │                                │  │                »
« q_1: ┤ Rz(-3.0271) ├──■──■────────■────────────────────┼──┼─────■────────■─»
«      └┬────────────┤     │        │                    │  │     │        │ »
« q_2: ─┤ Rz(-3.801) ├─────■──■─────┼────────────────────┼──■──■──┼─────■──┼─»
«       ├────────────┤        │     │                    │     │  │     │  │ »
« q_3: ─┤ Rz(2.1232) ├────────■──■──■─────■──────────────┼─────┼──┼─────┼──┼─»
«      ┌┴────────────┤           │        │              │     │  │     │  │ »
« q_4: ┤ Rz(-3.0686) ├───────────■──■─────┼──────────────┼─────■──┼──■──┼──■─»
«      ├─────────────┴┐             │     │              │        │  │  │    »
« q_5: ┤ Rz(-0.44728) ├─────────────■──■──■─────■────────┼────────┼──┼──■────»
«      ├─────────────┬┘                │        │        │        │  │       »
« q_6: ┤ Rz(-8.6945) ├─────────────────■──■─────┼────────┼────────┼──■──■────»
«      └┬────────────┤                    │     │        │        │     │    »
« q_7: ─┤ Rz(4.7098) ├────────────────────■──■──■─────■──┼────────┼─────┼────»
«      ┌┴────────────┤                       │        │  │        │     │    »
« q_8: ┤ Rz(-3.5727) ├───────────────────────■──■─────┼──┼────────┼─────■──■─»
«      └┬────────────┤                          │     │  │        │        │ »
« q_9: ─┤ Rz(4.1985) ├──────────────────────────■──■──■──┼──■─────┼────────┼─»
«       ├────────────┤                             │     │  │     │        │ »
«q_10: ─┤ Rz(10.238) ├─────────────────────────────■──■──┼──┼─────┼────────■─»
«       └────────────┘                                │  │  │     │          »
«q_11: ───────────────────────────────────────────────■──■──■─────■──────────»
«                                                                            »
«                                 
« q_0: ────■──■─────────────────■─
«          │  │                 │ 
« q_1: ────┼──┼────────■────────┼─
«          │  │        │        │ 
« q_2: ────┼──┼────────┼──■─────┼─
«          │  │        │  │     │ 
« q_3: ────┼──■──■─────┼──┼─────┼─
«          │     │     │  │     │ 
« q_4: ─■──┼─────┼─────┼──┼─────┼─
«       │  │     │     │  │     │ 
« q_5: ─┼──┼──■──┼─────┼──┼─────┼─
«       │  │  │  │     │  │     │ 
« q_6: ─┼──┼──┼──■─────┼──┼──■──┼─
«       │  │  │        │  │  │  │ 
« q_7: ─■──┼──┼──■─────┼──┼──┼──┼─
«          │  │  │     │  │  │  │ 
« q_8: ────┼──■──┼──■──┼──┼──┼──┼─
«          │     │  │  │  │  │  │ 
« q_9: ────┼─────┼──┼──┼──┼──■──■─
«          │     │  │  │  │       
«q_10: ────■─────■──┼──■──┼───────
«                   │     │       
«q_11: ─────────────■─────■───────
«                                 
