Train hybrid.
----------epoch 0-----------
batched average loss:  -7.641661 minimum candidate loss:  -7.703853
probability converged
strcuture parameter: 
 [[0.40002888 1.599971  ]
 [0.4001946  1.5998054 ]
 [0.4000321  1.599968  ]
 [1.5999463  0.4000538 ]
 [1.599974   0.40002596]
 [1.5949838  0.40501612]]
tf.Tensor([1 1 1 0 0 0], shape=(6,), dtype=int64)
current recommendation loss:  tf.Tensor(-36.38887, shape=(), dtype=float32)
----------epoch 50-----------
batched average loss:  -78.52183 minimum candidate loss:  -78.52182
probability converged
strcuture parameter: 
 [[-7.293054   5.643314 ]
 [-7.3150706  5.6321464]
 [-7.314428   5.6499705]
 [ 5.577928  -7.207031 ]
 [ 5.615373  -7.239546 ]
 [ 5.5709276 -7.2725987]]
tf.Tensor([1 1 1 0 0 0], shape=(6,), dtype=int64)
current recommendation loss:  tf.Tensor(-78.46376, shape=(), dtype=float32)
----------epoch 100-----------
batched average loss:  -78.67689 minimum candidate loss:  -78.676895
probability converged
strcuture parameter: 
 [[-7.5344095  5.671049 ]
 [-7.557274   5.6598754]
 [-7.557287   5.677774 ]
 [ 5.605171  -7.4409986]
 [ 5.642877  -7.4769964]
 [ 5.5982165 -7.51193  ]]
tf.Tensor([1 1 1 0 0 0], shape=(6,), dtype=int64)
current recommendation loss:  tf.Tensor(-78.67717, shape=(), dtype=float32)
----------epoch 150-----------
batched average loss:  -78.67823 minimum candidate loss:  -78.67824
probability converged
strcuture parameter: 
 [[-7.537358   5.6712236]
 [-7.560232   5.66005  ]
 [-7.5602555  5.67795  ]
 [ 5.605342  -7.443847 ]
 [ 5.6430492 -7.479891 ]
 [ 5.5983877 -7.5148506]]
tf.Tensor([1 1 1 0 0 0], shape=(6,), dtype=int64)
current recommendation loss:  tf.Tensor(-78.67824, shape=(), dtype=float32)
----------epoch 200-----------
batched average loss:  -78.67823 minimum candidate loss:  -78.67823
probability converged
strcuture parameter: 
 [[-7.537478   5.6712236]
 [-7.560353   5.66005  ]
 [-7.5603776  5.67795  ]
 [ 5.605342  -7.443964 ]
 [ 5.6430492 -7.480009 ]
 [ 5.5983877 -7.514969 ]]
tf.Tensor([1 1 1 0 0 0], shape=(6,), dtype=int64)
current recommendation loss:  tf.Tensor(-78.67824, shape=(), dtype=float32)
----------epoch 250-----------
batched average loss:  -78.678246 minimum candidate loss:  -78.67825
probability converged
strcuture parameter: 
 [[-7.537523   5.6712236]
 [-7.5603976  5.66005  ]
 [-7.5604224  5.67795  ]
 [ 5.605342  -7.444006 ]
 [ 5.6430492 -7.480053 ]
 [ 5.5983877 -7.5150127]]
tf.Tensor([1 1 1 0 0 0], shape=(6,), dtype=int64)
current recommendation loss:  tf.Tensor(-78.67824, shape=(), dtype=float32)
----------epoch 300-----------
batched average loss:  -78.678215 minimum candidate loss:  -78.67821
probability converged
strcuture parameter: 
 [[-7.5375967  5.6712236]
 [-7.560472   5.66005  ]
 [-7.560497   5.67795  ]
 [ 5.605342  -7.4440765]
 [ 5.6430492 -7.480125 ]
 [ 5.5983877 -7.515085 ]]
tf.Tensor([1 1 1 0 0 0], shape=(6,), dtype=int64)
current recommendation loss:  tf.Tensor(-78.678246, shape=(), dtype=float32)
----------epoch 350-----------
batched average loss:  -78.67823 minimum candidate loss:  -78.67824
probability converged
strcuture parameter: 
 [[-7.537641   5.6712236]
 [-7.560517   5.66005  ]
 [-7.5605416  5.67795  ]
 [ 5.605342  -7.444118 ]
 [ 5.6430492 -7.4801674]
 [ 5.5983877 -7.515128 ]]
tf.Tensor([1 1 1 0 0 0], shape=(6,), dtype=int64)
current recommendation loss:  tf.Tensor(-78.67824, shape=(), dtype=float32)
----------epoch 400-----------
batched average loss:  -78.67823 minimum candidate loss:  -78.67824
probability converged
strcuture parameter: 
 [[-7.5376887  5.6712236]
 [-7.5605645  5.66005  ]
 [-7.5605903  5.67795  ]
 [ 5.605342  -7.4441648]
 [ 5.6430492 -7.480215 ]
 [ 5.5983877 -7.515176 ]]
tf.Tensor([1 1 1 0 0 0], shape=(6,), dtype=int64)
current recommendation loss:  tf.Tensor(-78.678215, shape=(), dtype=float32)
----------epoch 450-----------
batched average loss:  -78.678215 minimum candidate loss:  -78.678215
probability converged
strcuture parameter: 
 [[-7.5377674  5.6712236]
 [-7.560643   5.66005  ]
 [-7.560669   5.67795  ]
 [ 5.605342  -7.444241 ]
 [ 5.6430492 -7.4802938]
 [ 5.5983877 -7.5152545]]
tf.Tensor([1 1 1 0 0 0], shape=(6,), dtype=int64)
current recommendation loss:  tf.Tensor(-78.67823, shape=(), dtype=float32)
----------epoch 500-----------
batched average loss:  -78.678215 minimum candidate loss:  -78.678215
probability converged
strcuture parameter: 
 [[-7.5378046  5.6712236]
 [-7.5606804  5.66005  ]
 [-7.560706   5.67795  ]
 [ 5.605342  -7.4442773]
 [ 5.6430492 -7.480331 ]
 [ 5.5983877 -7.5152917]]
tf.Tensor([1 1 1 0 0 0], shape=(6,), dtype=int64)
current recommendation loss:  tf.Tensor(-78.67822, shape=(), dtype=float32)
----------epoch 550-----------
batched average loss:  -78.678215 minimum candidate loss:  -78.678215
probability converged
strcuture parameter: 
 [[-7.5378428  5.6712236]
 [-7.560719   5.66005  ]
 [-7.5607452  5.67795  ]
 [ 5.605342  -7.444313 ]
 [ 5.6430492 -7.480367 ]
 [ 5.5983877 -7.515329 ]]
tf.Tensor([1 1 1 0 0 0], shape=(6,), dtype=int64)
current recommendation loss:  tf.Tensor(-78.6782, shape=(), dtype=float32)
----------epoch 600-----------
batched average loss:  -78.67823 minimum candidate loss:  -78.67824
probability converged
strcuture parameter: 
 [[-7.537857   5.6712236]
 [-7.5607333  5.66005  ]
 [-7.56076    5.67795  ]
 [ 5.605342  -7.4443274]
 [ 5.6430492 -7.4803815]
 [ 5.5983877 -7.515343 ]]
tf.Tensor([1 1 1 0 0 0], shape=(6,), dtype=int64)
current recommendation loss:  tf.Tensor(-78.678215, shape=(), dtype=float32)
----------epoch 650-----------
batched average loss:  -78.678246 minimum candidate loss:  -78.67825
probability converged
strcuture parameter: 
 [[-7.5379143  5.6712236]
 [-7.5607905  5.66005  ]
 [-7.5608172  5.67795  ]
 [ 5.605342  -7.444382 ]
 [ 5.6430492 -7.4804378]
 [ 5.5983877 -7.5153995]]
tf.Tensor([1 1 1 0 0 0], shape=(6,), dtype=int64)
current recommendation loss:  tf.Tensor(-78.67825, shape=(), dtype=float32)
----------epoch 700-----------
batched average loss:  -78.678215 minimum candidate loss:  -78.67821
probability converged
strcuture parameter: 
 [[-7.53797    5.6712236]
 [-7.5608463  5.66005  ]
 [-7.560873   5.67795  ]
 [ 5.605342  -7.444436 ]
 [ 5.6430492 -7.4804926]
 [ 5.5983877 -7.515455 ]]
tf.Tensor([1 1 1 0 0 0], shape=(6,), dtype=int64)
current recommendation loss:  tf.Tensor(-78.678215, shape=(), dtype=float32)
----------epoch 750-----------
batched average loss:  -78.67822 minimum candidate loss:  -78.67822
probability converged
strcuture parameter: 
 [[-7.5380125  5.6712236]
 [-7.5608897  5.66005  ]
 [-7.5609164  5.67795  ]
 [ 5.605342  -7.444476 ]
 [ 5.6430492 -7.480534 ]
 [ 5.5983877 -7.5154963]]
tf.Tensor([1 1 1 0 0 0], shape=(6,), dtype=int64)
current recommendation loss:  tf.Tensor(-78.67823, shape=(), dtype=float32)
----------epoch 800-----------
batched average loss:  -78.67824 minimum candidate loss:  -78.678246
probability converged
strcuture parameter: 
 [[-7.5380487  5.6712236]
 [-7.560926   5.66005  ]
 [-7.560953   5.67795  ]
 [ 5.605342  -7.444512 ]
 [ 5.6430492 -7.48057  ]
 [ 5.5983877 -7.515532 ]]
tf.Tensor([1 1 1 0 0 0], shape=(6,), dtype=int64)
current recommendation loss:  tf.Tensor(-78.67825, shape=(), dtype=float32)
----------epoch 850-----------
batched average loss:  -78.67822 minimum candidate loss:  -78.67822
probability converged
strcuture parameter: 
 [[-7.538085   5.6712236]
 [-7.5609627  5.66005  ]
 [-7.560991   5.67795  ]
 [ 5.605342  -7.444547 ]
 [ 5.6430492 -7.4806056]
 [ 5.5983877 -7.515568 ]]
tf.Tensor([1 1 1 0 0 0], shape=(6,), dtype=int64)
current recommendation loss:  tf.Tensor(-78.678246, shape=(), dtype=float32)
----------epoch 900-----------
batched average loss:  -78.678246 minimum candidate loss:  -78.67825
probability converged
strcuture parameter: 
 [[-7.538127   5.6712236]
 [-7.5610046  5.66005  ]
 [-7.561033   5.67795  ]
 [ 5.605342  -7.444588 ]
 [ 5.6430492 -7.4806466]
 [ 5.5983877 -7.5156093]]
tf.Tensor([1 1 1 0 0 0], shape=(6,), dtype=int64)
current recommendation loss:  tf.Tensor(-78.678215, shape=(), dtype=float32)
----------epoch 950-----------
batched average loss:  -78.67822 minimum candidate loss:  -78.67822
probability converged
strcuture parameter: 
 [[-7.5381594  5.6712236]
 [-7.561037   5.66005  ]
 [-7.561065   5.67795  ]
 [ 5.605342  -7.4446197]
 [ 5.6430492 -7.4806786]
 [ 5.5983877 -7.515641 ]]
tf.Tensor([1 1 1 0 0 0], shape=(6,), dtype=int64)
current recommendation loss:  tf.Tensor(-78.678215, shape=(), dtype=float32)
----------epoch 1000-----------
batched average loss:  -78.678215 minimum candidate loss:  -78.678215
probability converged
strcuture parameter: 
 [[-7.5381885  5.6712236]
 [-7.5610666  5.66005  ]
 [-7.5610948  5.67795  ]
 [ 5.605342  -7.4446473]
 [ 5.6430492 -7.4807076]
 [ 5.5983877 -7.5156703]]
tf.Tensor([1 1 1 0 0 0], shape=(6,), dtype=int64)
current recommendation loss:  tf.Tensor(-78.67824, shape=(), dtype=float32)
----------epoch 1050-----------
batched average loss:  -78.67823 minimum candidate loss:  -78.67824
probability converged
strcuture parameter: 
 [[-7.5382133  5.6712236]
 [-7.5610914  5.66005  ]
 [-7.56112    5.67795  ]
 [ 5.605342  -7.444671 ]
 [ 5.6430492 -7.4807315]
 [ 5.5983877 -7.5156946]]
tf.Tensor([1 1 1 0 0 0], shape=(6,), dtype=int64)
current recommendation loss:  tf.Tensor(-78.678215, shape=(), dtype=float32)
----------epoch 1100-----------
batched average loss:  -78.67822 minimum candidate loss:  -78.67822
probability converged
strcuture parameter: 
 [[-7.538236   5.6712236]
 [-7.5611143  5.66005  ]
 [-7.561143   5.67795  ]
 [ 5.605342  -7.444694 ]
 [ 5.6430492 -7.4807544]
 [ 5.5983877 -7.5157175]]
tf.Tensor([1 1 1 0 0 0], shape=(6,), dtype=int64)
current recommendation loss:  tf.Tensor(-78.678215, shape=(), dtype=float32)
----------epoch 1150-----------
batched average loss:  -78.67823 minimum candidate loss:  -78.67823
probability converged
strcuture parameter: 
 [[-7.5382524  5.6712236]
 [-7.5611305  5.66005  ]
 [-7.561159   5.67795  ]
 [ 5.605342  -7.4447093]
 [ 5.6430492 -7.4807706]
 [ 5.5983877 -7.5157337]]
tf.Tensor([1 1 1 0 0 0], shape=(6,), dtype=int64)
current recommendation loss:  tf.Tensor(-78.67824, shape=(), dtype=float32)
----------epoch 1200-----------
batched average loss:  -78.67824 minimum candidate loss:  -78.678246
probability converged
strcuture parameter: 
 [[-7.538265   5.6712236]
 [-7.5611434  5.66005  ]
 [-7.561172   5.67795  ]
 [ 5.605342  -7.444722 ]
 [ 5.6430492 -7.4807835]
 [ 5.5983877 -7.5157466]]
tf.Tensor([1 1 1 0 0 0], shape=(6,), dtype=int64)
current recommendation loss:  tf.Tensor(-78.6782, shape=(), dtype=float32)
----------epoch 1250-----------
batched average loss:  -78.67823 minimum candidate loss:  -78.67824
probability converged
strcuture parameter: 
 [[-7.5382824  5.6712236]
 [-7.5611606  5.66005  ]
 [-7.561189   5.67795  ]
 [ 5.605342  -7.4447393]
 [ 5.6430492 -7.4808006]
 [ 5.5983877 -7.5157638]]
tf.Tensor([1 1 1 0 0 0], shape=(6,), dtype=int64)
current recommendation loss:  tf.Tensor(-78.67822, shape=(), dtype=float32)
----------epoch 1300-----------
batched average loss:  -78.67821 minimum candidate loss:  -78.6782
probability converged
strcuture parameter: 
 [[-7.5382953  5.6712236]
 [-7.5611734  5.66005  ]
 [-7.561202   5.67795  ]
 [ 5.605342  -7.444752 ]
 [ 5.6430492 -7.4808135]
 [ 5.5983877 -7.5157766]]
tf.Tensor([1 1 1 0 0 0], shape=(6,), dtype=int64)
current recommendation loss:  tf.Tensor(-78.67823, shape=(), dtype=float32)
----------epoch 1350-----------
batched average loss:  -78.67823 minimum candidate loss:  -78.67824
probability converged
strcuture parameter: 
 [[-7.538309   5.6712236]
 [-7.5611873  5.66005  ]
 [-7.561216   5.67795  ]
 [ 5.605342  -7.444766 ]
 [ 5.6430492 -7.4808273]
 [ 5.5983877 -7.5157905]]
tf.Tensor([1 1 1 0 0 0], shape=(6,), dtype=int64)
current recommendation loss:  tf.Tensor(-78.678246, shape=(), dtype=float32)
----------epoch 1400-----------
batched average loss:  -78.678215 minimum candidate loss:  -78.678215
probability converged
strcuture parameter: 
 [[-7.538327   5.6712236]
 [-7.5612054  5.66005  ]
 [-7.561234   5.67795  ]
 [ 5.605342  -7.444784 ]
 [ 5.6430492 -7.4808455]
 [ 5.5983877 -7.5158086]]
tf.Tensor([1 1 1 0 0 0], shape=(6,), dtype=int64)
current recommendation loss:  tf.Tensor(-78.67822, shape=(), dtype=float32)
----------epoch 1450-----------
batched average loss:  -78.67822 minimum candidate loss:  -78.67822
probability converged
strcuture parameter: 
 [[-7.538339   5.6712236]
 [-7.5612173  5.66005  ]
 [-7.561246   5.67795  ]
 [ 5.605342  -7.444795 ]
 [ 5.6430492 -7.480857 ]
 [ 5.5983877 -7.5158205]]
tf.Tensor([1 1 1 0 0 0], shape=(6,), dtype=int64)
current recommendation loss:  tf.Tensor(-78.678215, shape=(), dtype=float32)
----------epoch 1500-----------
batched average loss:  -78.678246 minimum candidate loss:  -78.67825
probability converged
strcuture parameter: 
 [[-7.538361   5.6712236]
 [-7.5612392  5.66005  ]
 [-7.561268   5.67795  ]
 [ 5.605342  -7.444817 ]
 [ 5.6430492 -7.480879 ]
 [ 5.5983877 -7.5158424]]
tf.Tensor([1 1 1 0 0 0], shape=(6,), dtype=int64)
current recommendation loss:  tf.Tensor(-78.678215, shape=(), dtype=float32)
----------epoch 1550-----------
batched average loss:  -78.67823 minimum candidate loss:  -78.67824
probability converged
strcuture parameter: 
 [[-7.5383716  5.6712236]
 [-7.5612497  5.66005  ]
 [-7.5612783  5.67795  ]
 [ 5.605342  -7.444824 ]
 [ 5.6430492 -7.4808884]
 [ 5.5983877 -7.515852 ]]
tf.Tensor([1 1 1 0 0 0], shape=(6,), dtype=int64)
current recommendation loss:  tf.Tensor(-78.6782, shape=(), dtype=float32)
----------epoch 1600-----------
batched average loss:  -78.67823 minimum candidate loss:  -78.67823
probability converged
strcuture parameter: 
 [[-7.538373   5.6712236]
 [-7.561251   5.66005  ]
 [-7.56128    5.67795  ]
 [ 5.605342  -7.4448256]
 [ 5.6430492 -7.48089  ]
 [ 5.5983877 -7.5158534]]
tf.Tensor([1 1 1 0 0 0], shape=(6,), dtype=int64)
current recommendation loss:  tf.Tensor(-78.67821, shape=(), dtype=float32)
----------epoch 1650-----------
batched average loss:  -78.678215 minimum candidate loss:  -78.67821
probability converged
strcuture parameter: 
 [[-7.53838    5.6712236]
 [-7.5612583  5.66005  ]
 [-7.561287   5.67795  ]
 [ 5.605342  -7.444832 ]
 [ 5.6430492 -7.4808965]
 [ 5.5983877 -7.51586  ]]
tf.Tensor([1 1 1 0 0 0], shape=(6,), dtype=int64)
current recommendation loss:  tf.Tensor(-78.67824, shape=(), dtype=float32)
----------epoch 1700-----------
batched average loss:  -78.67824 minimum candidate loss:  -78.678246
probability converged
strcuture parameter: 
 [[-7.538381   5.6712236]
 [-7.5612593  5.66005  ]
 [-7.561288   5.67795  ]
 [ 5.605342  -7.444833 ]
 [ 5.6430492 -7.4808974]
 [ 5.5983877 -7.515861 ]]
tf.Tensor([1 1 1 0 0 0], shape=(6,), dtype=int64)
current recommendation loss:  tf.Tensor(-78.678246, shape=(), dtype=float32)
----------epoch 1750-----------
batched average loss:  -78.678215 minimum candidate loss:  -78.67821
probability converged
strcuture parameter: 
 [[-7.5383887  5.6712236]
 [-7.5612674  5.66005  ]
 [-7.561296   5.67795  ]
 [ 5.605342  -7.44484  ]
 [ 5.6430492 -7.480905 ]
 [ 5.5983877 -7.5158687]]
tf.Tensor([1 1 1 0 0 0], shape=(6,), dtype=int64)
current recommendation loss:  tf.Tensor(-78.67822, shape=(), dtype=float32)
----------epoch 1800-----------
batched average loss:  -78.67822 minimum candidate loss:  -78.67822
probability converged
strcuture parameter: 
 [[-7.5383906  5.6712236]
 [-7.5612693  5.66005  ]
 [-7.561298   5.67795  ]
 [ 5.605342  -7.444842 ]
 [ 5.6430492 -7.480907 ]
 [ 5.5983877 -7.5158706]]
tf.Tensor([1 1 1 0 0 0], shape=(6,), dtype=int64)
current recommendation loss:  tf.Tensor(-78.67823, shape=(), dtype=float32)
----------epoch 1850-----------
batched average loss:  -78.67821 minimum candidate loss:  -78.6782
probability converged
strcuture parameter: 
 [[-7.538392   5.6712236]
 [-7.5612707  5.66005  ]
 [-7.5612993  5.67795  ]
 [ 5.605342  -7.4448433]
 [ 5.6430492 -7.4809084]
 [ 5.5983877 -7.515872 ]]
tf.Tensor([1 1 1 0 0 0], shape=(6,), dtype=int64)
current recommendation loss:  tf.Tensor(-78.6782, shape=(), dtype=float32)
----------epoch 1900-----------
batched average loss:  -78.678215 minimum candidate loss:  -78.678215
probability converged
strcuture parameter: 
 [[-7.5383935  5.6712236]
 [-7.561272   5.66005  ]
 [-7.5613008  5.67795  ]
 [ 5.605342  -7.4448447]
 [ 5.6430492 -7.48091  ]
 [ 5.5983877 -7.5158734]]
tf.Tensor([1 1 1 0 0 0], shape=(6,), dtype=int64)
current recommendation loss:  tf.Tensor(-78.67823, shape=(), dtype=float32)
----------epoch 1950-----------
batched average loss:  -78.67823 minimum candidate loss:  -78.67823
probability converged
strcuture parameter: 
 [[-7.5383935  5.6712236]
 [-7.561272   5.66005  ]
 [-7.5613008  5.67795  ]
 [ 5.605342  -7.4448447]
 [ 5.6430492 -7.48091  ]
 [ 5.5983877 -7.5158734]]
tf.Tensor([1 1 1 0 0 0], shape=(6,), dtype=int64)
current recommendation loss:  tf.Tensor(-78.6782, shape=(), dtype=float32)
----------epoch 1999-----------
batched average loss:  -78.67823 minimum candidate loss:  -78.67824
probability converged
strcuture parameter: 
 [[-7.5383945  5.6712236]
 [-7.561273   5.66005  ]
 [-7.5613017  5.67795  ]
 [ 5.605342  -7.4448457]
 [ 5.6430492 -7.480911 ]
 [ 5.5983877 -7.5158744]]
tf.Tensor([1 1 1 0 0 0], shape=(6,), dtype=int64)
current recommendation loss:  tf.Tensor(-78.67825, shape=(), dtype=float32)
Energy: tf.Tensor(-78.67825, shape=(), dtype=float32)
Ref energy: -74.38714627
Error rate: tf.Tensor(0.09983516, shape=(), dtype=float32)
        ┌─────────────┐   ┌────────────────┐┌─────────────┐                   »
 q_0: ──┤ Rx(-6.2832) ├───┤ Ry(2.0995e-09) ├┤ Rz(-6.3209) ├──■────────────────»
        ├─────────────┤   └─┬────────────┬─┘└┬────────────┤  │                »
 q_1: ──┤ Rx(-3.1416) ├─────┤ Ry(3.1416) ├───┤ Rz(9.3348) ├──■──■────────■────»
        └──┬───────┬──┘    ┌┴────────────┤  ┌┴────────────┤     │        │    »
 q_2: ─────┤ Rx(0) ├───────┤ Ry(-3.1416) ├──┤ Rz(-3.0621) ├─────■──■─────┼────»
        ┌──┴───────┴──┐  ┌─┴─────────────┴─┐└┬────────────┤        │     │    »
 q_3: ──┤ Rx(-3.1416) ├──┤ Ry(-5.1618e-08) ├─┤ Rz(4.7535) ├────────■──■──■────»
      ┌─┴─────────────┴─┐└──┬────────────┬─┘┌┴────────────┤           │       »
 q_4: ┤ Rx(-1.6565e-08) ├───┤ Ry(3.1416) ├──┤ Rz(-2.5316) ├───────────■──■────»
      └────┬───────┬────┘   ├────────────┤  ├─────────────┴┐             │    »
 q_5: ─────┤ Rx(0) ├────────┤ Ry(3.1416) ├──┤ Rz(-0.45712) ├─────────────■──■─»
        ┌──┴───────┴──┐    ┌┴────────────┤  ├─────────────┬┘                │ »
 q_6: ──┤ Rx(-3.1416) ├────┤ Ry(-3.1416) ├──┤ Rz(0.15088) ├─────────────────■─»
        ├─────────────┤    └──┬───────┬──┘  └┬────────────┤                   »
 q_7: ──┤ Rx(-3.1416) ├───────┤ Ry(0) ├──────┤ Rz(12.595) ├───────────────────»
        └──┬───────┬──┘    ┌──┴───────┴──┐  ┌┴────────────┤                   »
 q_8: ─────┤ Rx(0) ├───────┤ Ry(-3.1416) ├──┤ Rz(-3.1373) ├───────────────────»
       ┌───┴───────┴────┐  ├─────────────┤  ├─────────────┤                   »
 q_9: ─┤ Rx(3.8373e-08) ├──┤ Ry(-3.1416) ├──┤ Rz(-1.8122) ├───────────────────»
      ┌┴────────────────┤  ├─────────────┤  └┬────────────┤                   »
q_10: ┤ Rx(-1.1819e-08) ├──┤ Ry(-3.1416) ├───┤ Rz(3.4532) ├───────────────────»
      └────┬───────┬────┘  ├─────────────┤  ┌┴────────────┤                   »
q_11: ─────┤ Rx(0) ├───────┤ Ry(-3.1416) ├──┤ Rz(-6.0098) ├───────────────────»
           └───────┘       └─────────────┘  └─────────────┘                   »
«                                                                     
« q_0: ────────────────■──■────────────────────■──■─────────────────■─
«                      │  │                    │  │                 │ 
« q_1: ────────────────┼──┼─────■────────■─────┼──┼────────■────────┼─
«                      │  │     │        │     │  │        │        │ 
« q_2: ────────────────┼──■──■──┼─────■──┼─────┼──┼────────┼──■─────┼─
«                      │     │  │     │  │     │  │        │  │     │ 
« q_3: ─■──────────────┼─────┼──┼─────┼──┼─────┼──■──■─────┼──┼─────┼─
«       │              │     │  │     │  │     │     │     │  │     │ 
« q_4: ─┼──────────────┼─────■──┼──■──┼──■──■──┼─────┼─────┼──┼─────┼─
«       │              │        │  │  │     │  │     │     │  │     │ 
« q_5: ─■─────■────────┼────────┼──┼──■─────┼──┼──■──┼─────┼──┼─────┼─
«             │        │        │  │        │  │  │  │     │  │     │ 
« q_6: ─■─────┼────────┼────────┼──■──■─────┼──┼──┼──■─────┼──┼──■──┼─
«       │     │        │        │     │     │  │  │        │  │  │  │ 
« q_7: ─■──■──■─────■──┼────────┼─────┼─────■──┼──┼──■─────┼──┼──┼──┼─
«          │        │  │        │     │        │  │  │     │  │  │  │ 
« q_8: ────■──■─────┼──┼────────┼─────■──■─────┼──■──┼──■──┼──┼──┼──┼─
«             │     │  │        │        │     │     │  │  │  │  │  │ 
« q_9: ───────■──■──■──┼──■─────┼────────┼─────┼─────┼──┼──┼──┼──■──■─
«                │     │  │     │        │     │     │  │  │  │       
«q_10: ──────────■──■──┼──┼─────┼────────■─────■─────■──┼──■──┼───────
«                   │  │  │     │                       │     │       
«q_11: ─────────────■──■──■─────■───────────────────────■─────■───────
«                                                                     
